#
# There is insufficient memory for the Java Runtime Environment to continue.
# Native memory allocation (mmap) failed to map 49283072 bytes. Error detail: G1 virtual space
# Possible reasons:
#   The system is out of physical RAM or swap space
#   This process is running with CompressedOops enabled, and the Java Heap may be blocking the growth of the native heap
# Possible solutions:
#   Reduce memory load on the system
#   Increase physical memory or swap space
#   Check if swap backing store is full
#   Decrease Java heap size (-Xmx/-Xms)
#   Decrease number of Java threads
#   Decrease Java thread stack sizes (-Xss)
#   Set larger code cache with -XX:ReservedCodeCacheSize=
#   JVM is running with Unscaled Compressed Oops mode in which the Java heap is
#     placed in the first 4GB address space. The Java Heap base address is the
#     maximum limit for the native heap growth. Please use -XX:HeapBaseMinAddress
#     to set the Java Heap base and to place the Java Heap above 4GB virtual address.
# This output file may be truncated or incomplete.
#
#  Out of Memory Error (os_windows.cpp:3618), pid=10408, tid=5868
#
# JRE version: OpenJDK Runtime Environment Temurin-17.0.16+8 (17.0.16+8) (build 17.0.16+8)
# Java VM: OpenJDK 64-Bit Server VM Temurin-17.0.16+8 (17.0.16+8, mixed mode, sharing, tiered, compressed oops, compressed class ptrs, g1 gc, windows-amd64)
# No core dump will be written. Minidumps are not enabled by default on client versions of Windows
#

---------------  S U M M A R Y ------------

Command Line: --add-opens=java.base/java.lang=ALL-UNNAMED --add-opens=java.base/java.lang.invoke=ALL-UNNAMED --add-opens=java.base/java.util=ALL-UNNAMED --add-opens=java.prefs/java.util.prefs=ALL-UNNAMED --add-exports=jdk.compiler/com.sun.tools.javac.api=ALL-UNNAMED --add-exports=jdk.compiler/com.sun.tools.javac.util=ALL-UNNAMED --add-opens=java.base/java.util=ALL-UNNAMED --add-opens=java.prefs/java.util.prefs=ALL-UNNAMED --add-opens=java.base/java.nio.charset=ALL-UNNAMED --add-opens=java.base/java.net=ALL-UNNAMED --add-opens=java.base/java.util.concurrent.atomic=ALL-UNNAMED --add-opens=java.xml/javax.xml.namespace=ALL-UNNAMED -Xmx2048m -Dfile.encoding=UTF-8 -Duser.country=CL -Duser.language=es -Duser.variant -javaagent:C:\Users\kevin\.gradle\wrapper\dists\gradle-8.13-bin\5xuhj0ry160q40clulazy9h7d\gradle-8.13\lib\agents\gradle-instrumentation-agent-8.13.jar org.gradle.launcher.daemon.bootstrap.GradleDaemon 8.13

Host: Intel(R) Pentium(R) CPU N4200 @ 1.10GHz, 4 cores, 3G,  Windows 10 , 64 bit Build 19041 (10.0.19041.5915)
Time: Sun Nov 23 02:30:22 2025 Hora verano Sudamérica Pacífico elapsed time: 50.724395 seconds (0d 0h 0m 50s)

---------------  T H R E A D  ---------------

Current thread (0x000001e92a5f22e0):  VMThread "VM Thread" [stack: 0x0000002b4b600000,0x0000002b4b700000] [id=5868]

Stack: [0x0000002b4b600000,0x0000002b4b700000]
Native frames: (J=compiled Java code, j=interpreted, Vv=VM code, C=native code)
V  [jvm.dll+0x683169]
V  [jvm.dll+0x839ac8]
V  [jvm.dll+0x83b573]
V  [jvm.dll+0x83bbe3]
V  [jvm.dll+0x2473ff]
V  [jvm.dll+0x67ff49]
V  [jvm.dll+0x674e3a]
V  [jvm.dll+0x304ea6]
V  [jvm.dll+0x30c366]
V  [jvm.dll+0x35deee]
V  [jvm.dll+0x35e12d]
V  [jvm.dll+0x2dc26c]
V  [jvm.dll+0x2da60f]
V  [jvm.dll+0x2d9d7c]
V  [jvm.dll+0x31d55b]
V  [jvm.dll+0x84041d]
V  [jvm.dll+0x841153]
V  [jvm.dll+0x84167f]
V  [jvm.dll+0x841a64]
V  [jvm.dll+0x841b2e]
V  [jvm.dll+0x7e979c]
V  [jvm.dll+0x682047]
C  [ucrtbase.dll+0x21bb2]
C  [KERNEL32.DLL+0x17374]
C  [ntdll.dll+0x4cc91]

VM_Operation (0x0000002b4ccf8d30): G1CollectForAllocation, mode: safepoint, requested by thread 0x000001e92a84af80


---------------  P R O C E S S  ---------------

Threads class SMR info:
_java_thread_list=0x000001e971c2bd30, length=33, elements={
0x000001e90aaae8f0, 0x000001e92a5f7240, 0x000001e92a5f90d0, 0x000001e92a610f60,
0x000001e92a611b20, 0x000001e92a6144f0, 0x000001e92a614eb0, 0x000001e92a615c50,
0x000001e92a61ed20, 0x000001e92a625410, 0x000001e92a84b490, 0x000001e92a84b9a0,
0x000001e92a84cde0, 0x000001e92a84a560, 0x000001e92a84c8d0, 0x000001e92a84aa70,
0x000001e92a84d2f0, 0x000001e92a84c3c0, 0x000001e92a84af80, 0x000001e92a849b40,
0x000001e9715fd1a0, 0x000001e9715fe5e0, 0x000001e9715f94e0, 0x000001e9715feaf0,
0x000001e9715f99f0, 0x000001e9715fae30, 0x000001e9715fa410, 0x000001e9715ff000,
0x000001e9715ff510, 0x000001e9715fc270, 0x000001e9715f85b0, 0x000001e9715f8ac0,
0x000001e9727a3500
}

Java Threads: ( => current thread )
  0x000001e90aaae8f0 JavaThread "main" [_thread_blocked, id=10824, stack(0x0000002b4b000000,0x0000002b4b100000)]
  0x000001e92a5f7240 JavaThread "Reference Handler" daemon [_thread_blocked, id=3956, stack(0x0000002b4b700000,0x0000002b4b800000)]
  0x000001e92a5f90d0 JavaThread "Finalizer" daemon [_thread_blocked, id=8412, stack(0x0000002b4b800000,0x0000002b4b900000)]
  0x000001e92a610f60 JavaThread "Signal Dispatcher" daemon [_thread_blocked, id=9828, stack(0x0000002b4b900000,0x0000002b4ba00000)]
  0x000001e92a611b20 JavaThread "Attach Listener" daemon [_thread_blocked, id=10452, stack(0x0000002b4ba00000,0x0000002b4bb00000)]
  0x000001e92a6144f0 JavaThread "Service Thread" daemon [_thread_blocked, id=15344, stack(0x0000002b4bb00000,0x0000002b4bc00000)]
  0x000001e92a614eb0 JavaThread "Monitor Deflation Thread" daemon [_thread_blocked, id=6888, stack(0x0000002b4bc00000,0x0000002b4bd00000)]
  0x000001e92a615c50 JavaThread "C2 CompilerThread0" daemon [_thread_blocked, id=1768, stack(0x0000002b4bd00000,0x0000002b4be00000)]
  0x000001e92a61ed20 JavaThread "C1 CompilerThread0" daemon [_thread_blocked, id=11500, stack(0x0000002b4be00000,0x0000002b4bf00000)]
  0x000001e92a625410 JavaThread "Sweeper thread" daemon [_thread_blocked, id=7816, stack(0x0000002b4bf00000,0x0000002b4c000000)]
  0x000001e92a84b490 JavaThread "Common-Cleaner" daemon [_thread_blocked, id=6836, stack(0x0000002b4c000000,0x0000002b4c100000)]
  0x000001e92a84b9a0 JavaThread "Notification Thread" daemon [_thread_blocked, id=5292, stack(0x0000002b4c100000,0x0000002b4c200000)]
  0x000001e92a84cde0 JavaThread "Daemon health stats" [_thread_blocked, id=1740, stack(0x0000002b4c600000,0x0000002b4c700000)]
  0x000001e92a84a560 JavaThread "Incoming local TCP Connector on port 51152" [_thread_in_native, id=5576, stack(0x0000002b4c700000,0x0000002b4c800000)]
  0x000001e92a84c8d0 JavaThread "Daemon periodic checks" [_thread_blocked, id=3556, stack(0x0000002b4c800000,0x0000002b4c900000)]
  0x000001e92a84aa70 JavaThread "Daemon" [_thread_blocked, id=9040, stack(0x0000002b4c900000,0x0000002b4ca00000)]
  0x000001e92a84d2f0 JavaThread "Handler for socket connection from /127.0.0.1:51152 to /127.0.0.1:51153" [_thread_in_native, id=8940, stack(0x0000002b4ca00000,0x0000002b4cb00000)]
  0x000001e92a84c3c0 JavaThread "Cancel handler" [_thread_blocked, id=944, stack(0x0000002b4cb00000,0x0000002b4cc00000)]
  0x000001e92a84af80 JavaThread "Daemon worker" [_thread_blocked, id=4360, stack(0x0000002b4cc00000,0x0000002b4cd00000)]
  0x000001e92a849b40 JavaThread "Asynchronous log dispatcher for DefaultDaemonConnection: socket connection from /127.0.0.1:51152 to /127.0.0.1:51153" [_thread_blocked, id=4324, stack(0x0000002b4cd00000,0x0000002b4ce00000)]
  0x000001e9715fd1a0 JavaThread "Stdin handler" [_thread_blocked, id=13004, stack(0x0000002b4ce00000,0x0000002b4cf00000)]
  0x000001e9715fe5e0 JavaThread "Daemon client event forwarder" [_thread_blocked, id=12120, stack(0x0000002b4cf00000,0x0000002b4d000000)]
  0x000001e9715f94e0 JavaThread "Cache worker for journal cache (C:\Users\kevin\.gradle\caches\journal-1)" [_thread_blocked, id=4712, stack(0x0000002b4d000000,0x0000002b4d100000)]
  0x000001e9715feaf0 JavaThread "File lock request listener" [_thread_in_native, id=4188, stack(0x0000002b4d100000,0x0000002b4d200000)]
  0x000001e9715f99f0 JavaThread "Cache worker for file hash cache (C:\Users\kevin\.gradle\caches\8.13\fileHashes)" [_thread_blocked, id=9152, stack(0x0000002b4d200000,0x0000002b4d300000)]
  0x000001e9715fae30 JavaThread "Cache worker for file hash cache (C:\Users\kevin\OneDrive\Escritorio\NewFirebase\.gradle\8.13\fileHashes)" [_thread_blocked, id=6468, stack(0x0000002b4d300000,0x0000002b4d400000)]
  0x000001e9715fa410 JavaThread "Cache worker for Build Output Cleanup Cache (C:\Users\kevin\OneDrive\Escritorio\NewFirebase\.gradle\buildOutputCleanup)" [_thread_blocked, id=7172, stack(0x0000002b4d400000,0x0000002b4d500000)]
  0x000001e9715ff000 JavaThread "File watcher server" daemon [_thread_in_native, id=6068, stack(0x0000002b4d500000,0x0000002b4d600000)]
  0x000001e9715ff510 JavaThread "File watcher consumer" daemon [_thread_blocked, id=8224, stack(0x0000002b4d600000,0x0000002b4d700000)]
  0x000001e9715fc270 JavaThread "Cache worker for checksums cache (C:\Users\kevin\OneDrive\Escritorio\NewFirebase\.gradle\8.13\checksums)" [_thread_blocked, id=1448, stack(0x0000002b4dc00000,0x0000002b4dd00000)]
  0x000001e9715f85b0 JavaThread "Cache worker for file content cache (C:\Users\kevin\.gradle\caches\8.13\fileContent)" [_thread_blocked, id=9584, stack(0x0000002b4dd00000,0x0000002b4de00000)]
  0x000001e9715f8ac0 JavaThread "Cache worker for cache directory md-supplier (C:\Users\kevin\.gradle\caches\8.13\md-supplier)" [_thread_blocked, id=5748, stack(0x0000002b4de00000,0x0000002b4df00000)]
  0x000001e9727a3500 JavaThread "Cache worker for cache directory md-rule (C:\Users\kevin\.gradle\caches\8.13\md-rule)" [_thread_blocked, id=10404, stack(0x0000002b4df00000,0x0000002b4e000000)]

Other Threads:
=>0x000001e92a5f22e0 VMThread "VM Thread" [stack: 0x0000002b4b600000,0x0000002b4b700000] [id=5868]
  0x000001e90aaaf8b0 WatcherThread [stack: 0x0000002b4c200000,0x0000002b4c300000] [id=12976]
  0x000001e90ab09df0 GCTaskThread "GC Thread#0" [stack: 0x0000002b4b100000,0x0000002b4b200000] [id=10980]
  0x000001e92a9cf110 GCTaskThread "GC Thread#1" [stack: 0x0000002b4c300000,0x0000002b4c400000] [id=12332]
  0x000001e92aa31bb0 GCTaskThread "GC Thread#2" [stack: 0x0000002b4c400000,0x0000002b4c500000] [id=8640]
  0x000001e92aa8bf40 GCTaskThread "GC Thread#3" [stack: 0x0000002b4c500000,0x0000002b4c600000] [id=1208]
  0x000001e90ab1bd50 ConcurrentGCThread "G1 Main Marker" [stack: 0x0000002b4b200000,0x0000002b4b300000] [id=14584]
  0x000001e90ab1c770 ConcurrentGCThread "G1 Conc#0" [stack: 0x0000002b4b300000,0x0000002b4b400000] [id=12008]
  0x000001e90ab5f740 ConcurrentGCThread "G1 Refine#0" [stack: 0x0000002b4b400000,0x0000002b4b500000] [id=3288]
  0x000001e973779c70 ConcurrentGCThread "G1 Refine#1" [stack: 0x0000002b4d700000,0x0000002b4d800000] [id=13920]
  0x000001e973779690 ConcurrentGCThread "G1 Refine#2" [stack: 0x0000002b4d800000,0x0000002b4d900000] [id=9116]
  0x000001e973777350 ConcurrentGCThread "G1 Refine#3" [stack: 0x0000002b4d900000,0x0000002b4da00000] [id=2728]
  0x000001e90ab60170 ConcurrentGCThread "G1 Service" [stack: 0x0000002b4b500000,0x0000002b4b600000] [id=11444]

Threads with active compile tasks:
C2 CompilerThread0    50816 9390   !   4       java.lang.ClassLoader::loadClass (121 bytes)

VM state: at safepoint (normal execution)

VM Mutex/Monitor currently owned by a thread:  ([mutex/lock_event])
[0x000001e90aaaab70] Threads_lock - owner thread: 0x000001e92a5f22e0
[0x000001e90aaaa1e0] Heap_lock - owner thread: 0x000001e92a84af80

Heap address: 0x0000000080000000, size: 2048 MB, Compressed Oops mode: 32-bit

CDS archive(s) mapped at: [0x000001e92b000000-0x000001e92bbb0000-0x000001e92bbb0000), size 12255232, SharedBaseAddress: 0x000001e92b000000, ArchiveRelocationMode: 1.
Compressed class space mapped at: 0x000001e92c000000-0x000001e96c000000, reserved size: 1073741824
Narrow klass base: 0x000001e92b000000, Narrow klass shift: 0, Narrow klass range: 0x100000000

GC Precious Log:
 CPUs: 4 total, 4 available
 Memory: 3936M
 Large Page Support: Disabled
 NUMA Support: Disabled
 Compressed Oops: Enabled (32-bit)
 Heap Region Size: 1M
 Heap Min Capacity: 8M
 Heap Initial Capacity: 62M
 Heap Max Capacity: 2G
 Pre-touch: Disabled
 Parallel Workers: 4
 Concurrent Workers: 1
 Concurrent Refinement Workers: 4
 Periodic GC: Disabled

Heap:
 garbage-first heap   total 180224K, used 79592K [0x0000000080000000, 0x0000000100000000)
  region size 1024K, 2 young (2048K), 2 survivors (2048K)
 Metaspace       used 102535K, committed 103232K, reserved 1179648K
  class space    used 13133K, committed 13440K, reserved 1048576K

Heap Regions: E=young(eden), S=young(survivor), O=old, HS=humongous(starts), HC=humongous(continues), CS=collection set, F=free, OA=open archive, CA=closed archive, TAMS=top-at-mark-start (previous, next)
|   0|0x0000000080000000, 0x0000000080100000, 0x0000000080100000|100%|HS|  |TAMS 0x0000000080100000, 0x0000000080000000| Complete 
|   1|0x0000000080100000, 0x0000000080200000, 0x0000000080200000|100%|HC|  |TAMS 0x0000000080200000, 0x0000000080100000| Complete 
|   2|0x0000000080200000, 0x0000000080300000, 0x0000000080300000|100%|HC|  |TAMS 0x0000000080300000, 0x0000000080200000| Complete 
|   3|0x0000000080300000, 0x0000000080400000, 0x0000000080400000|100%| O|  |TAMS 0x0000000080400000, 0x0000000080300000| Untracked 
|   4|0x0000000080400000, 0x0000000080500000, 0x0000000080500000|100%| O|  |TAMS 0x0000000080500000, 0x0000000080400000| Untracked 
|   5|0x0000000080500000, 0x0000000080600000, 0x0000000080600000|100%| O|  |TAMS 0x0000000080600000, 0x0000000080500000| Untracked 
|   6|0x0000000080600000, 0x0000000080700000, 0x0000000080700000|100%| O|  |TAMS 0x0000000080700000, 0x0000000080600000| Untracked 
|   7|0x0000000080700000, 0x0000000080800000, 0x0000000080800000|100%| O|  |TAMS 0x0000000080800000, 0x0000000080700000| Untracked 
|   8|0x0000000080800000, 0x0000000080900000, 0x0000000080900000|100%|HS|  |TAMS 0x0000000080900000, 0x0000000080800000| Complete 
|   9|0x0000000080900000, 0x0000000080a00000, 0x0000000080a00000|100%| O|  |TAMS 0x0000000080a00000, 0x0000000080900000| Untracked 
|  10|0x0000000080a00000, 0x0000000080b00000, 0x0000000080b00000|100%| O|  |TAMS 0x0000000080b00000, 0x0000000080a00000| Untracked 
|  11|0x0000000080b00000, 0x0000000080c00000, 0x0000000080c00000|100%| O|  |TAMS 0x0000000080c00000, 0x0000000080b00000| Untracked 
|  12|0x0000000080c00000, 0x0000000080d00000, 0x0000000080d00000|100%| O|  |TAMS 0x0000000080d00000, 0x0000000080c00000| Untracked 
|  13|0x0000000080d00000, 0x0000000080e00000, 0x0000000080e00000|100%| O|  |TAMS 0x0000000080e00000, 0x0000000080d00000| Untracked 
|  14|0x0000000080e00000, 0x0000000080f00000, 0x0000000080f00000|100%| O|  |TAMS 0x0000000080f00000, 0x0000000080e00000| Untracked 
|  15|0x0000000080f00000, 0x0000000081000000, 0x0000000081000000|100%| O|  |TAMS 0x0000000081000000, 0x0000000080f00000| Untracked 
|  16|0x0000000081000000, 0x0000000081100000, 0x0000000081100000|100%| O|  |TAMS 0x0000000081100000, 0x0000000081000000| Untracked 
|  17|0x0000000081100000, 0x0000000081200000, 0x0000000081200000|100%| O|  |TAMS 0x0000000081200000, 0x0000000081100000| Untracked 
|  18|0x0000000081200000, 0x0000000081300000, 0x0000000081300000|100%| O|  |TAMS 0x0000000081300000, 0x0000000081200000| Untracked 
|  19|0x0000000081300000, 0x0000000081400000, 0x0000000081400000|100%| O|  |TAMS 0x0000000081400000, 0x0000000081300000| Untracked 
|  20|0x0000000081400000, 0x0000000081500000, 0x0000000081500000|100%| O|  |TAMS 0x0000000081500000, 0x0000000081400000| Untracked 
|  21|0x0000000081500000, 0x0000000081600000, 0x0000000081600000|100%| O|  |TAMS 0x0000000081600000, 0x0000000081500000| Untracked 
|  22|0x0000000081600000, 0x0000000081700000, 0x0000000081700000|100%| O|  |TAMS 0x0000000081700000, 0x0000000081600000| Untracked 
|  23|0x0000000081700000, 0x0000000081800000, 0x0000000081800000|100%| O|  |TAMS 0x0000000081800000, 0x0000000081700000| Untracked 
|  24|0x0000000081800000, 0x0000000081900000, 0x0000000081900000|100%| O|  |TAMS 0x0000000081900000, 0x0000000081800000| Untracked 
|  25|0x0000000081900000, 0x0000000081a00000, 0x0000000081a00000|100%| O|  |TAMS 0x0000000081a00000, 0x0000000081900000| Untracked 
|  26|0x0000000081a00000, 0x0000000081b00000, 0x0000000081b00000|100%| O|  |TAMS 0x0000000081b00000, 0x0000000081a00000| Untracked 
|  27|0x0000000081b00000, 0x0000000081c00000, 0x0000000081c00000|100%| O|  |TAMS 0x0000000081c00000, 0x0000000081b00000| Untracked 
|  28|0x0000000081c00000, 0x0000000081d00000, 0x0000000081d00000|100%| O|  |TAMS 0x0000000081d00000, 0x0000000081c00000| Untracked 
|  29|0x0000000081d00000, 0x0000000081e00000, 0x0000000081e00000|100%| O|  |TAMS 0x0000000081e00000, 0x0000000081d00000| Untracked 
|  30|0x0000000081e00000, 0x0000000081f00000, 0x0000000081f00000|100%| O|  |TAMS 0x0000000081f00000, 0x0000000081e00000| Untracked 
|  31|0x0000000081f00000, 0x0000000082000000, 0x0000000082000000|100%| O|  |TAMS 0x0000000082000000, 0x0000000081f00000| Untracked 
|  32|0x0000000082000000, 0x0000000082100000, 0x0000000082100000|100%| O|  |TAMS 0x0000000082100000, 0x0000000082000000| Untracked 
|  33|0x0000000082100000, 0x0000000082200000, 0x0000000082200000|100%| O|  |TAMS 0x0000000082200000, 0x0000000082100000| Untracked 
|  34|0x0000000082200000, 0x0000000082300000, 0x0000000082300000|100%| O|  |TAMS 0x0000000082300000, 0x0000000082200000| Untracked 
|  35|0x0000000082300000, 0x0000000082400000, 0x0000000082400000|100%|HS|  |TAMS 0x0000000082400000, 0x0000000082300000| Complete 
|  36|0x0000000082400000, 0x0000000082500000, 0x0000000082500000|100%| O|  |TAMS 0x0000000082500000, 0x0000000082400000| Untracked 
|  37|0x0000000082500000, 0x0000000082600000, 0x0000000082600000|100%| O|  |TAMS 0x0000000082600000, 0x0000000082500000| Untracked 
|  38|0x0000000082600000, 0x0000000082700000, 0x0000000082700000|100%| O|  |TAMS 0x0000000082700000, 0x0000000082600000| Untracked 
|  39|0x0000000082700000, 0x0000000082800000, 0x0000000082800000|100%| O|  |TAMS 0x000000008274ba00, 0x0000000082700000| Untracked 
|  40|0x0000000082800000, 0x0000000082900000, 0x0000000082900000|100%| O|  |TAMS 0x0000000082900000, 0x0000000082800000| Untracked 
|  41|0x0000000082900000, 0x0000000082a00000, 0x0000000082a00000|100%| O|  |TAMS 0x0000000082a00000, 0x0000000082900000| Untracked 
|  42|0x0000000082a00000, 0x0000000082b00000, 0x0000000082b00000|100%| O|  |TAMS 0x0000000082b00000, 0x0000000082a00000| Untracked 
|  43|0x0000000082b00000, 0x0000000082c00000, 0x0000000082c00000|100%| O|  |TAMS 0x0000000082c00000, 0x0000000082b00000| Untracked 
|  44|0x0000000082c00000, 0x0000000082d00000, 0x0000000082d00000|100%| O|  |TAMS 0x0000000082d00000, 0x0000000082c00000| Untracked 
|  45|0x0000000082d00000, 0x0000000082e00000, 0x0000000082e00000|100%| O|  |TAMS 0x0000000082e00000, 0x0000000082d00000| Untracked 
|  46|0x0000000082e00000, 0x0000000082f00000, 0x0000000082f00000|100%| O|  |TAMS 0x0000000082f00000, 0x0000000082e00000| Untracked 
|  47|0x0000000082f00000, 0x0000000083000000, 0x0000000083000000|100%| O|  |TAMS 0x0000000083000000, 0x0000000082f00000| Untracked 
|  48|0x0000000083000000, 0x0000000083100000, 0x0000000083100000|100%| O|  |TAMS 0x0000000083000000, 0x0000000083000000| Untracked 
|  49|0x0000000083100000, 0x0000000083200000, 0x0000000083200000|100%| O|  |TAMS 0x0000000083100000, 0x0000000083100000| Untracked 
|  50|0x0000000083200000, 0x0000000083300000, 0x0000000083300000|100%| O|  |TAMS 0x0000000083300000, 0x0000000083200000| Untracked 
|  51|0x0000000083300000, 0x0000000083400000, 0x0000000083400000|100%| O|  |TAMS 0x0000000083400000, 0x0000000083300000| Untracked 
|  52|0x0000000083400000, 0x0000000083500000, 0x0000000083500000|100%| O|  |TAMS 0x0000000083400000, 0x0000000083400000| Untracked 
|  53|0x0000000083500000, 0x0000000083600000, 0x0000000083600000|100%| O|  |TAMS 0x0000000083600000, 0x0000000083500000| Untracked 
|  54|0x0000000083600000, 0x0000000083700000, 0x0000000083700000|100%|HS|  |TAMS 0x0000000083700000, 0x0000000083600000| Complete 
|  55|0x0000000083700000, 0x0000000083800000, 0x0000000083800000|100%|HC|  |TAMS 0x0000000083800000, 0x0000000083700000| Complete 
|  56|0x0000000083800000, 0x0000000083900000, 0x0000000083900000|100%|HC|  |TAMS 0x0000000083900000, 0x0000000083800000| Complete 
|  57|0x0000000083900000, 0x0000000083a00000, 0x0000000083a00000|100%|HC|  |TAMS 0x0000000083a00000, 0x0000000083900000| Complete 
|  58|0x0000000083a00000, 0x0000000083b00000, 0x0000000083b00000|100%|HC|  |TAMS 0x0000000083b00000, 0x0000000083a00000| Complete 
|  59|0x0000000083b00000, 0x0000000083c00000, 0x0000000083c00000|100%|HC|  |TAMS 0x0000000083c00000, 0x0000000083b00000| Complete 
|  60|0x0000000083c00000, 0x0000000083d00000, 0x0000000083d00000|100%| O|  |TAMS 0x0000000083c00000, 0x0000000083c00000| Untracked 
|  61|0x0000000083d00000, 0x0000000083e00000, 0x0000000083e00000|100%| O|  |TAMS 0x0000000083d00000, 0x0000000083d00000| Untracked 
|  62|0x0000000083e00000, 0x0000000083f00000, 0x0000000083f00000|100%| O|  |TAMS 0x0000000083e00000, 0x0000000083e00000| Untracked 
|  63|0x0000000083f00000, 0x0000000084000000, 0x0000000084000000|100%| O|  |TAMS 0x0000000083f00000, 0x0000000083f00000| Untracked 
|  64|0x0000000084000000, 0x0000000084100000, 0x0000000084100000|100%| O|  |TAMS 0x0000000084000000, 0x0000000084000000| Untracked 
|  65|0x0000000084100000, 0x0000000084200000, 0x0000000084200000|100%| O|  |TAMS 0x0000000084100000, 0x0000000084100000| Untracked 
|  66|0x0000000084200000, 0x0000000084300000, 0x0000000084300000|100%| O|  |TAMS 0x0000000084200000, 0x0000000084200000| Untracked 
|  67|0x0000000084300000, 0x0000000084400000, 0x0000000084400000|100%| O|  |TAMS 0x0000000084300000, 0x0000000084300000| Untracked 
|  68|0x0000000084400000, 0x0000000084500000, 0x0000000084500000|100%| O|  |TAMS 0x0000000084400000, 0x0000000084400000| Untracked 
|  69|0x0000000084500000, 0x0000000084600000, 0x0000000084600000|100%| O|  |TAMS 0x0000000084500000, 0x0000000084500000| Untracked 
|  70|0x0000000084600000, 0x0000000084700000, 0x0000000084700000|100%| O|  |TAMS 0x0000000084600000, 0x0000000084600000| Untracked 
|  71|0x0000000084700000, 0x0000000084800000, 0x0000000084800000|100%| O|  |TAMS 0x0000000084700000, 0x0000000084700000| Untracked 
|  72|0x0000000084800000, 0x0000000084900000, 0x0000000084900000|100%| O|  |TAMS 0x0000000084800000, 0x0000000084800000| Untracked 
|  73|0x0000000084900000, 0x0000000084a00000, 0x0000000084a00000|100%| O|  |TAMS 0x0000000084900000, 0x0000000084900000| Untracked 
|  74|0x0000000084a00000, 0x0000000084b00000, 0x0000000084b00000|100%| O|  |TAMS 0x0000000084a00000, 0x0000000084a00000| Untracked 
|  75|0x0000000084b00000, 0x0000000084c00000, 0x0000000084c00000|100%| O|  |TAMS 0x0000000084b00000, 0x0000000084b00000| Untracked 
|  76|0x0000000084c00000, 0x0000000084c64200, 0x0000000084d00000| 39%| O|  |TAMS 0x0000000084c00000, 0x0000000084c00000| Untracked 
|  77|0x0000000084d00000, 0x0000000084d00000, 0x0000000084e00000|  0%| F|  |TAMS 0x0000000084d00000, 0x0000000084d00000| Untracked 
|  78|0x0000000084e00000, 0x0000000084e00000, 0x0000000084f00000|  0%| F|  |TAMS 0x0000000084e00000, 0x0000000084e00000| Untracked 
|  79|0x0000000084f00000, 0x0000000084f00000, 0x0000000085000000|  0%| F|  |TAMS 0x0000000084f00000, 0x0000000084f00000| Untracked 
|  80|0x0000000085000000, 0x0000000085000000, 0x0000000085100000|  0%| F|  |TAMS 0x0000000085000000, 0x0000000085000000| Untracked 
|  81|0x0000000085100000, 0x0000000085100000, 0x0000000085200000|  0%| F|  |TAMS 0x0000000085100000, 0x0000000085100000| Untracked 
|  82|0x0000000085200000, 0x0000000085200000, 0x0000000085300000|  0%| F|  |TAMS 0x0000000085200000, 0x0000000085200000| Untracked 
|  83|0x0000000085300000, 0x0000000085300000, 0x0000000085400000|  0%| F|  |TAMS 0x0000000085300000, 0x0000000085300000| Untracked 
|  84|0x0000000085400000, 0x0000000085400000, 0x0000000085500000|  0%| F|  |TAMS 0x0000000085400000, 0x0000000085400000| Untracked 
|  85|0x0000000085500000, 0x0000000085500000, 0x0000000085600000|  0%| F|  |TAMS 0x0000000085500000, 0x0000000085500000| Untracked 
|  86|0x0000000085600000, 0x0000000085600000, 0x0000000085700000|  0%| F|  |TAMS 0x0000000085600000, 0x0000000085600000| Untracked 
|  87|0x0000000085700000, 0x0000000085700000, 0x0000000085800000|  0%| F|  |TAMS 0x0000000085700000, 0x0000000085700000| Untracked 
|  88|0x0000000085800000, 0x0000000085800000, 0x0000000085900000|  0%| F|  |TAMS 0x0000000085800000, 0x0000000085800000| Untracked 
|  89|0x0000000085900000, 0x0000000085900000, 0x0000000085a00000|  0%| F|  |TAMS 0x0000000085900000, 0x0000000085900000| Untracked 
|  90|0x0000000085a00000, 0x0000000085a00000, 0x0000000085b00000|  0%| F|  |TAMS 0x0000000085a00000, 0x0000000085a00000| Untracked 
|  91|0x0000000085b00000, 0x0000000085b00000, 0x0000000085c00000|  0%| F|  |TAMS 0x0000000085b00000, 0x0000000085b00000| Untracked 
|  92|0x0000000085c00000, 0x0000000085c00000, 0x0000000085d00000|  0%| F|  |TAMS 0x0000000085c00000, 0x0000000085c00000| Untracked 
|  93|0x0000000085d00000, 0x0000000085d00000, 0x0000000085e00000|  0%| F|  |TAMS 0x0000000085d00000, 0x0000000085d00000| Untracked 
|  94|0x0000000085e00000, 0x0000000085e00000, 0x0000000085f00000|  0%| F|  |TAMS 0x0000000085e00000, 0x0000000085e00000| Untracked 
|  95|0x0000000085f00000, 0x0000000085f00000, 0x0000000086000000|  0%| F|  |TAMS 0x0000000085f00000, 0x0000000085f00000| Untracked 
|  96|0x0000000086000000, 0x0000000086000000, 0x0000000086100000|  0%| F|  |TAMS 0x0000000086000000, 0x0000000086000000| Untracked 
|  97|0x0000000086100000, 0x0000000086100000, 0x0000000086200000|  0%| F|  |TAMS 0x0000000086100000, 0x0000000086100000| Untracked 
|  98|0x0000000086200000, 0x0000000086200000, 0x0000000086300000|  0%| F|  |TAMS 0x0000000086200000, 0x0000000086200000| Untracked 
|  99|0x0000000086300000, 0x0000000086300000, 0x0000000086400000|  0%| F|  |TAMS 0x0000000086300000, 0x0000000086300000| Untracked 
| 100|0x0000000086400000, 0x0000000086400000, 0x0000000086500000|  0%| F|  |TAMS 0x0000000086400000, 0x0000000086400000| Untracked 
| 101|0x0000000086500000, 0x0000000086500000, 0x0000000086600000|  0%| F|  |TAMS 0x0000000086500000, 0x0000000086500000| Untracked 
| 102|0x0000000086600000, 0x0000000086600000, 0x0000000086700000|  0%| F|  |TAMS 0x0000000086600000, 0x0000000086600000| Untracked 
| 103|0x0000000086700000, 0x0000000086700000, 0x0000000086800000|  0%| F|  |TAMS 0x0000000086700000, 0x0000000086700000| Untracked 
| 104|0x0000000086800000, 0x0000000086800000, 0x0000000086900000|  0%| F|  |TAMS 0x0000000086800000, 0x0000000086800000| Untracked 
| 105|0x0000000086900000, 0x0000000086900000, 0x0000000086a00000|  0%| F|  |TAMS 0x0000000086900000, 0x0000000086900000| Untracked 
| 106|0x0000000086a00000, 0x0000000086a00000, 0x0000000086b00000|  0%| F|  |TAMS 0x0000000086a00000, 0x0000000086a00000| Untracked 
| 107|0x0000000086b00000, 0x0000000086b00000, 0x0000000086c00000|  0%| F|  |TAMS 0x0000000086b00000, 0x0000000086b00000| Untracked 
| 108|0x0000000086c00000, 0x0000000086c00000, 0x0000000086d00000|  0%| F|  |TAMS 0x0000000086c00000, 0x0000000086c00000| Untracked 
| 109|0x0000000086d00000, 0x0000000086d00000, 0x0000000086e00000|  0%| F|  |TAMS 0x0000000086d00000, 0x0000000086d00000| Untracked 
| 110|0x0000000086e00000, 0x0000000086e56058, 0x0000000086f00000| 33%| S|CS|TAMS 0x0000000086e00000, 0x0000000086e00000| Complete 
| 111|0x0000000086f00000, 0x0000000087000000, 0x0000000087000000|100%| S|CS|TAMS 0x0000000086f00000, 0x0000000086f00000| Complete 
| 112|0x0000000087000000, 0x0000000087000000, 0x0000000087100000|  0%| F|  |TAMS 0x0000000087000000, 0x0000000087000000| Untracked 
| 113|0x0000000087100000, 0x0000000087100000, 0x0000000087200000|  0%| F|  |TAMS 0x0000000087100000, 0x0000000087100000| Untracked 
| 114|0x0000000087200000, 0x0000000087200000, 0x0000000087300000|  0%| F|  |TAMS 0x0000000087200000, 0x0000000087200000| Untracked 
| 115|0x0000000087300000, 0x0000000087300000, 0x0000000087400000|  0%| F|  |TAMS 0x0000000087300000, 0x0000000087300000| Untracked 
| 116|0x0000000087400000, 0x0000000087400000, 0x0000000087500000|  0%| F|  |TAMS 0x0000000087400000, 0x0000000087400000| Untracked 
| 117|0x0000000087500000, 0x0000000087500000, 0x0000000087600000|  0%| F|  |TAMS 0x0000000087500000, 0x0000000087500000| Untracked 
| 118|0x0000000087600000, 0x0000000087600000, 0x0000000087700000|  0%| F|  |TAMS 0x0000000087600000, 0x0000000087600000| Untracked 
| 119|0x0000000087700000, 0x0000000087700000, 0x0000000087800000|  0%| F|  |TAMS 0x0000000087700000, 0x0000000087700000| Untracked 
| 120|0x0000000087800000, 0x0000000087800000, 0x0000000087900000|  0%| F|  |TAMS 0x0000000087800000, 0x0000000087800000| Untracked 
| 121|0x0000000087900000, 0x0000000087900000, 0x0000000087a00000|  0%| F|  |TAMS 0x0000000087900000, 0x0000000087900000| Untracked 
| 122|0x0000000087a00000, 0x0000000087a00000, 0x0000000087b00000|  0%| F|  |TAMS 0x0000000087a00000, 0x0000000087a00000| Untracked 
| 123|0x0000000087b00000, 0x0000000087b00000, 0x0000000087c00000|  0%| F|  |TAMS 0x0000000087b00000, 0x0000000087b00000| Untracked 
| 124|0x0000000087c00000, 0x0000000087c00000, 0x0000000087d00000|  0%| F|  |TAMS 0x0000000087c00000, 0x0000000087c00000| Untracked 
| 125|0x0000000087d00000, 0x0000000087d00000, 0x0000000087e00000|  0%| F|  |TAMS 0x0000000087d00000, 0x0000000087d00000| Untracked 
| 126|0x0000000087e00000, 0x0000000087e00000, 0x0000000087f00000|  0%| F|  |TAMS 0x0000000087e00000, 0x0000000087e00000| Untracked 
| 127|0x0000000087f00000, 0x0000000087f00000, 0x0000000088000000|  0%| F|  |TAMS 0x0000000087f00000, 0x0000000087f00000| Untracked 
| 128|0x0000000088000000, 0x0000000088000000, 0x0000000088100000|  0%| F|  |TAMS 0x0000000088000000, 0x0000000088000000| Untracked 
| 129|0x0000000088100000, 0x0000000088100000, 0x0000000088200000|  0%| F|  |TAMS 0x0000000088100000, 0x0000000088100000| Untracked 
| 130|0x0000000088200000, 0x0000000088200000, 0x0000000088300000|  0%| F|  |TAMS 0x0000000088200000, 0x0000000088200000| Untracked 
| 131|0x0000000088300000, 0x0000000088300000, 0x0000000088400000|  0%| F|  |TAMS 0x0000000088300000, 0x0000000088300000| Untracked 
| 132|0x0000000088400000, 0x0000000088400000, 0x0000000088500000|  0%| F|  |TAMS 0x0000000088400000, 0x0000000088400000| Untracked 
| 133|0x0000000088500000, 0x0000000088500000, 0x0000000088600000|  0%| F|  |TAMS 0x0000000088500000, 0x0000000088500000| Untracked 
| 134|0x0000000088600000, 0x0000000088600000, 0x0000000088700000|  0%| F|  |TAMS 0x0000000088600000, 0x0000000088600000| Untracked 
| 135|0x0000000088700000, 0x0000000088700000, 0x0000000088800000|  0%| F|  |TAMS 0x0000000088700000, 0x0000000088700000| Untracked 
| 136|0x0000000088800000, 0x0000000088800000, 0x0000000088900000|  0%| F|  |TAMS 0x0000000088800000, 0x0000000088800000| Untracked 
| 137|0x0000000088900000, 0x0000000088900000, 0x0000000088a00000|  0%| F|  |TAMS 0x0000000088900000, 0x0000000088900000| Untracked 
| 138|0x0000000088a00000, 0x0000000088a00000, 0x0000000088b00000|  0%| F|  |TAMS 0x0000000088a00000, 0x0000000088a00000| Untracked 
| 139|0x0000000088b00000, 0x0000000088b00000, 0x0000000088c00000|  0%| F|  |TAMS 0x0000000088b00000, 0x0000000088b00000| Untracked 
| 140|0x0000000088c00000, 0x0000000088c00000, 0x0000000088d00000|  0%| F|  |TAMS 0x0000000088c00000, 0x0000000088c00000| Untracked 
| 141|0x0000000088d00000, 0x0000000088d00000, 0x0000000088e00000|  0%| F|  |TAMS 0x0000000088d00000, 0x0000000088d00000| Untracked 
| 142|0x0000000088e00000, 0x0000000088e00000, 0x0000000088f00000|  0%| F|  |TAMS 0x0000000088e00000, 0x0000000088e00000| Untracked 
| 143|0x0000000088f00000, 0x0000000088f00000, 0x0000000089000000|  0%| F|  |TAMS 0x0000000088f00000, 0x0000000088f00000| Untracked 
| 144|0x0000000089000000, 0x0000000089000000, 0x0000000089100000|  0%| F|  |TAMS 0x0000000089000000, 0x0000000089000000| Untracked 
| 145|0x0000000089100000, 0x0000000089100000, 0x0000000089200000|  0%| F|  |TAMS 0x0000000089100000, 0x0000000089100000| Untracked 
| 146|0x0000000089200000, 0x0000000089200000, 0x0000000089300000|  0%| F|  |TAMS 0x0000000089200000, 0x0000000089200000| Untracked 
| 147|0x0000000089300000, 0x0000000089300000, 0x0000000089400000|  0%| F|  |TAMS 0x0000000089300000, 0x0000000089300000| Untracked 
| 148|0x0000000089400000, 0x0000000089400000, 0x0000000089500000|  0%| F|  |TAMS 0x0000000089400000, 0x0000000089400000| Untracked 
| 149|0x0000000089500000, 0x0000000089500000, 0x0000000089600000|  0%| F|  |TAMS 0x0000000089500000, 0x0000000089500000| Untracked 
| 150|0x0000000089600000, 0x0000000089600000, 0x0000000089700000|  0%| F|  |TAMS 0x0000000089600000, 0x0000000089600000| Untracked 
| 151|0x0000000089700000, 0x0000000089700000, 0x0000000089800000|  0%| F|  |TAMS 0x0000000089700000, 0x0000000089700000| Untracked 
| 152|0x0000000089800000, 0x0000000089800000, 0x0000000089900000|  0%| F|  |TAMS 0x0000000089800000, 0x0000000089800000| Untracked 
| 153|0x0000000089900000, 0x0000000089900000, 0x0000000089a00000|  0%| F|  |TAMS 0x0000000089900000, 0x0000000089900000| Untracked 
| 154|0x0000000089a00000, 0x0000000089a00000, 0x0000000089b00000|  0%| F|  |TAMS 0x0000000089a00000, 0x0000000089a00000| Untracked 
| 155|0x0000000089b00000, 0x0000000089b00000, 0x0000000089c00000|  0%| F|  |TAMS 0x0000000089b00000, 0x0000000089b00000| Untracked 
| 156|0x0000000089c00000, 0x0000000089c00000, 0x0000000089d00000|  0%| F|  |TAMS 0x0000000089c00000, 0x0000000089c00000| Untracked 
| 157|0x0000000089d00000, 0x0000000089d00000, 0x0000000089e00000|  0%| F|  |TAMS 0x0000000089d00000, 0x0000000089d00000| Untracked 
| 158|0x0000000089e00000, 0x0000000089e00000, 0x0000000089f00000|  0%| F|  |TAMS 0x0000000089e00000, 0x0000000089e00000| Untracked 
| 159|0x0000000089f00000, 0x0000000089f00000, 0x000000008a000000|  0%| F|  |TAMS 0x0000000089f00000, 0x0000000089f00000| Untracked 
| 160|0x000000008a000000, 0x000000008a000000, 0x000000008a100000|  0%| F|  |TAMS 0x000000008a000000, 0x000000008a000000| Untracked 
| 161|0x000000008a100000, 0x000000008a100000, 0x000000008a200000|  0%| F|  |TAMS 0x000000008a100000, 0x000000008a100000| Untracked 
| 162|0x000000008a200000, 0x000000008a200000, 0x000000008a300000|  0%| F|  |TAMS 0x000000008a200000, 0x000000008a200000| Untracked 
| 163|0x000000008a300000, 0x000000008a300000, 0x000000008a400000|  0%| F|  |TAMS 0x000000008a300000, 0x000000008a300000| Untracked 
| 164|0x000000008a400000, 0x000000008a400000, 0x000000008a500000|  0%| F|  |TAMS 0x000000008a400000, 0x000000008a400000| Untracked 
| 165|0x000000008a500000, 0x000000008a500000, 0x000000008a600000|  0%| F|  |TAMS 0x000000008a500000, 0x000000008a500000| Untracked 
| 166|0x000000008a600000, 0x000000008a600000, 0x000000008a700000|  0%| F|  |TAMS 0x000000008a600000, 0x000000008a600000| Untracked 
| 167|0x000000008a700000, 0x000000008a700000, 0x000000008a800000|  0%| F|  |TAMS 0x000000008a700000, 0x000000008a700000| Untracked 
| 168|0x000000008a800000, 0x000000008a800000, 0x000000008a900000|  0%| F|  |TAMS 0x000000008a800000, 0x000000008a800000| Untracked 
| 169|0x000000008a900000, 0x000000008a900000, 0x000000008aa00000|  0%| F|  |TAMS 0x000000008a900000, 0x000000008a900000| Untracked 
| 170|0x000000008aa00000, 0x000000008aa00000, 0x000000008ab00000|  0%| F|  |TAMS 0x000000008aa00000, 0x000000008aa00000| Untracked 
| 171|0x000000008ab00000, 0x000000008ab00000, 0x000000008ac00000|  0%| F|  |TAMS 0x000000008ab00000, 0x000000008ab00000| Untracked 
| 172|0x000000008ac00000, 0x000000008ac00000, 0x000000008ad00000|  0%| F|  |TAMS 0x000000008ac00000, 0x000000008ac00000| Untracked 
| 173|0x000000008ad00000, 0x000000008ad00000, 0x000000008ae00000|  0%| F|  |TAMS 0x000000008ad00000, 0x000000008ad00000| Untracked 
| 174|0x000000008ae00000, 0x000000008ae00000, 0x000000008af00000|  0%| F|  |TAMS 0x000000008ae00000, 0x000000008ae00000| Untracked 
| 175|0x000000008af00000, 0x000000008af00000, 0x000000008b000000|  0%| F|  |TAMS 0x000000008af00000, 0x000000008af00000| Untracked 

Card table byte_map: [0x000001e923810000,0x000001e923c10000] _byte_map_base: 0x000001e923410000

Marking Bits (Prev, Next): (CMBitMap*) 0x000001e90ab0b420, (CMBitMap*) 0x000001e90ab0b460
 Prev Bits: [0x000001e924010000, 0x000001e926010000)
 Next Bits: [0x000001e926010000, 0x000001e928010000)

Polling page: 0x000001e90ab70000

Metaspace:

Usage:
  Non-class:     87.31 MB used.
      Class:     12.83 MB used.
       Both:    100.13 MB used.

Virtual space:
  Non-class space:      128.00 MB reserved,      87.69 MB ( 69%) committed,  2 nodes.
      Class space:        1.00 GB reserved,      13.12 MB (  1%) committed,  1 nodes.
             Both:        1.12 GB reserved,     100.81 MB (  9%) committed. 

Chunk freelists:
   Non-Class:  8.16 MB
       Class:  2.75 MB
        Both:  10.91 MB

MaxMetaspaceSize: unlimited
CompressedClassSpaceSize: 1.00 GB
Initial GC threshold: 21.00 MB
Current GC threshold: 101.38 MB
CDS: on
MetaspaceReclaimPolicy: balanced
 - commit_granule_bytes: 65536.
 - commit_granule_words: 8192.
 - virtual_space_node_default_size: 8388608.
 - enlarge_chunks_in_place: 1.
 - new_chunks_are_fully_committed: 0.
 - uncommit_free_chunks: 1.
 - use_allocation_guard: 0.
 - handle_deallocations: 1.


Internal statistics:

num_allocs_failed_limit: 3.
num_arena_births: 822.
num_arena_deaths: 0.
num_vsnodes_births: 3.
num_vsnodes_deaths: 0.
num_space_committed: 1611.
num_space_uncommitted: 0.
num_chunks_returned_to_freelist: 3.
num_chunks_taken_from_freelist: 4535.
num_chunk_merges: 3.
num_chunk_splits: 3484.
num_chunks_enlarged: 2905.
num_inconsistent_stats: 0.

CodeHeap 'non-profiled nmethods': size=120000Kb used=4061Kb max_used=4061Kb free=115938Kb
 bounds [0x000001e91b8b0000, 0x000001e91bcb0000, 0x000001e922de0000]
CodeHeap 'profiled nmethods': size=120000Kb used=17133Kb max_used=17133Kb free=102866Kb
 bounds [0x000001e913de0000, 0x000001e914ea0000, 0x000001e91b310000]
CodeHeap 'non-nmethods': size=5760Kb used=1822Kb max_used=1866Kb free=3937Kb
 bounds [0x000001e91b310000, 0x000001e91b580000, 0x000001e91b8b0000]
 total_blobs=9396 nmethods=8456 adapters=851
 compilation: enabled
              stopped_count=0, restarted_count=0
 full_count=0

Compilation events (20 events):
Event: 50.354 Thread 0x000001e92a615c50 nmethod 8985 0x000001e91bca3190 code [0x000001e91bca3380, 0x000001e91bca3c28]
Event: 50.354 Thread 0x000001e92a615c50 9327       4       java.io.DataOutputStream::writeLong (118 bytes)
Event: 50.359 Thread 0x000001e92a615c50 nmethod 9327 0x000001e91bca4390 code [0x000001e91bca4520, 0x000001e91bca46f8]
Event: 50.359 Thread 0x000001e92a615c50 8558       4       kotlin.text.StringsKt__AppendableKt::appendElement (102 bytes)
Event: 50.374 Thread 0x000001e92a615c50 nmethod 8558 0x000001e91bca4890 code [0x000001e91bca4a60, 0x000001e91bca5108]
Event: 50.374 Thread 0x000001e92a615c50 9385       4       java.lang.ClassLoader::postDefineClass (39 bytes)
Event: 50.387 Thread 0x000001e92a61ed20 9389       2       org.gradle.internal.service.DefaultServiceRegistry::assertMutable (46 bytes)
Event: 50.388 Thread 0x000001e92a61ed20 nmethod 9389 0x000001e914e99010 code [0x000001e914e99220, 0x000001e914e995f8]
Event: 50.443 Thread 0x000001e92a615c50 nmethod 9385 0x000001e91bca5690 code [0x000001e91bca58e0, 0x000001e91bca6b20]
Event: 50.444 Thread 0x000001e92a615c50 9390   !   4       java.lang.ClassLoader::loadClass (121 bytes)
Event: 50.448 Thread 0x000001e92a61ed20 9391       2       com.google.common.collect.SingletonImmutableList::get (11 bytes)
Event: 50.449 Thread 0x000001e92a61ed20 nmethod 9391 0x000001e914e99890 code [0x000001e914e99a40, 0x000001e914e99b88]
Event: 50.449 Thread 0x000001e92a61ed20 9392       2       com.google.common.base.Preconditions::checkElementIndex (8 bytes)
Event: 50.449 Thread 0x000001e92a61ed20 nmethod 9392 0x000001e914e99c90 code [0x000001e914e99e40, 0x000001e914e99f48]
Event: 50.449 Thread 0x000001e92a61ed20 9393       2       org.gradle.internal.event.AbstractBroadcastDispatch::dispatch (65 bytes)
Event: 50.449 Thread 0x000001e92a61ed20 nmethod 9393 0x000001e914e9a010 code [0x000001e914e9a200, 0x000001e914e9a468]
Event: 50.607 Thread 0x000001e92a61ed20 9394       2       org.gradle.internal.event.AbstractBroadcastDispatch::<init> (10 bytes)
Event: 50.607 Thread 0x000001e92a61ed20 nmethod 9394 0x000001e914e9a590 code [0x000001e914e9a720, 0x000001e914e9a878]
Event: 50.632 Thread 0x000001e92a61ed20 9395       2       com.esotericsoftware.kryo.io.Output::require (209 bytes)
Event: 50.634 Thread 0x000001e92a61ed20 nmethod 9395 0x000001e914e9a910 code [0x000001e914e9abc0, 0x000001e914e9b398]

GC Heap History (20 events):
Event: 28.206 GC heap after
{Heap after GC invocations=38 (full 0):
 garbage-first heap   total 102400K, used 59390K [0x0000000080000000, 0x0000000100000000)
  region size 1024K, 4 young (4096K), 4 survivors (4096K)
 Metaspace       used 58303K, committed 58880K, reserved 1114112K
  class space    used 8071K, committed 8320K, reserved 1048576K
}
Event: 28.241 GC heap before
{Heap before GC invocations=38 (full 0):
 garbage-first heap   total 102400K, used 60414K [0x0000000080000000, 0x0000000100000000)
  region size 1024K, 5 young (5120K), 4 survivors (4096K)
 Metaspace       used 58354K, committed 58880K, reserved 1114112K
  class space    used 8083K, committed 8320K, reserved 1048576K
}
Event: 28.248 GC heap after
{Heap after GC invocations=39 (full 0):
 garbage-first heap   total 102400K, used 59175K [0x0000000080000000, 0x0000000100000000)
  region size 1024K, 1 young (1024K), 1 survivors (1024K)
 Metaspace       used 58354K, committed 58880K, reserved 1114112K
  class space    used 8083K, committed 8320K, reserved 1048576K
}
Event: 28.986 GC heap before
{Heap before GC invocations=39 (full 0):
 garbage-first heap   total 102400K, used 80679K [0x0000000080000000, 0x0000000100000000)
  region size 1024K, 23 young (23552K), 1 survivors (1024K)
 Metaspace       used 61265K, committed 61824K, reserved 1114112K
  class space    used 8278K, committed 8512K, reserved 1048576K
}
Event: 28.991 GC heap after
{Heap after GC invocations=40 (full 0):
 garbage-first heap   total 102400K, used 60241K [0x0000000080000000, 0x0000000100000000)
  region size 1024K, 2 young (2048K), 2 survivors (2048K)
 Metaspace       used 61265K, committed 61824K, reserved 1114112K
  class space    used 8278K, committed 8512K, reserved 1048576K
}
Event: 30.287 GC heap before
{Heap before GC invocations=41 (full 0):
 garbage-first heap   total 109568K, used 81745K [0x0000000080000000, 0x0000000100000000)
  region size 1024K, 24 young (24576K), 2 survivors (2048K)
 Metaspace       used 63878K, committed 64448K, reserved 1114112K
  class space    used 8577K, committed 8832K, reserved 1048576K
}
Event: 30.296 GC heap after
{Heap after GC invocations=42 (full 0):
 garbage-first heap   total 180224K, used 61020K [0x0000000080000000, 0x0000000100000000)
  region size 1024K, 3 young (3072K), 3 survivors (3072K)
 Metaspace       used 63878K, committed 64448K, reserved 1114112K
  class space    used 8577K, committed 8832K, reserved 1048576K
}
Event: 30.583 GC heap before
{Heap before GC invocations=42 (full 0):
 garbage-first heap   total 180224K, used 66140K [0x0000000080000000, 0x0000000100000000)
  region size 1024K, 8 young (8192K), 3 survivors (3072K)
 Metaspace       used 64494K, committed 64960K, reserved 1114112K
  class space    used 8674K, committed 8896K, reserved 1048576K
}
Event: 30.594 GC heap after
{Heap after GC invocations=43 (full 0):
 garbage-first heap   total 180224K, used 60577K [0x0000000080000000, 0x0000000100000000)
  region size 1024K, 1 young (1024K), 1 survivors (1024K)
 Metaspace       used 64494K, committed 64960K, reserved 1114112K
  class space    used 8674K, committed 8896K, reserved 1048576K
}
Event: 34.040 GC heap before
{Heap before GC invocations=43 (full 0):
 garbage-first heap   total 180224K, used 139425K [0x0000000080000000, 0x0000000100000000)
  region size 1024K, 77 young (78848K), 1 survivors (1024K)
 Metaspace       used 70976K, committed 71488K, reserved 1114112K
  class space    used 9496K, committed 9728K, reserved 1048576K
}
Event: 34.056 GC heap after
{Heap after GC invocations=44 (full 0):
 garbage-first heap   total 180224K, used 64907K [0x0000000080000000, 0x0000000100000000)
  region size 1024K, 5 young (5120K), 5 survivors (5120K)
 Metaspace       used 70976K, committed 71488K, reserved 1114112K
  class space    used 9496K, committed 9728K, reserved 1048576K
}
Event: 37.048 GC heap before
{Heap before GC invocations=44 (full 0):
 garbage-first heap   total 180224K, used 140683K [0x0000000080000000, 0x0000000100000000)
  region size 1024K, 79 young (80896K), 5 survivors (5120K)
 Metaspace       used 77518K, committed 78080K, reserved 1179648K
  class space    used 10202K, committed 10432K, reserved 1048576K
}
Event: 37.065 GC heap after
{Heap after GC invocations=45 (full 0):
 garbage-first heap   total 180224K, used 70337K [0x0000000080000000, 0x0000000100000000)
  region size 1024K, 10 young (10240K), 10 survivors (10240K)
 Metaspace       used 77518K, committed 78080K, reserved 1179648K
  class space    used 10202K, committed 10432K, reserved 1048576K
}
Event: 40.401 GC heap before
{Heap before GC invocations=45 (full 0):
 garbage-first heap   total 180224K, used 142017K [0x0000000080000000, 0x0000000100000000)
  region size 1024K, 81 young (82944K), 10 survivors (10240K)
 Metaspace       used 86695K, committed 87232K, reserved 1179648K
  class space    used 11147K, committed 11392K, reserved 1048576K
}
Event: 40.603 GC heap after
{Heap after GC invocations=46 (full 0):
 garbage-first heap   total 180224K, used 74840K [0x0000000080000000, 0x0000000100000000)
  region size 1024K, 10 young (10240K), 10 survivors (10240K)
 Metaspace       used 86695K, committed 87232K, reserved 1179648K
  class space    used 11147K, committed 11392K, reserved 1048576K
}
Event: 44.481 GC heap before
{Heap before GC invocations=46 (full 0):
 garbage-first heap   total 180224K, used 144472K [0x0000000080000000, 0x0000000100000000)
  region size 1024K, 78 young (79872K), 10 survivors (10240K)
 Metaspace       used 95504K, committed 96064K, reserved 1179648K
  class space    used 12182K, committed 12416K, reserved 1048576K
}
Event: 44.550 GC heap after
{Heap after GC invocations=47 (full 0):
 garbage-first heap   total 180224K, used 76900K [0x0000000080000000, 0x0000000100000000)
  region size 1024K, 7 young (7168K), 7 survivors (7168K)
 Metaspace       used 95504K, committed 96064K, reserved 1179648K
  class space    used 12182K, committed 12416K, reserved 1048576K
}
Event: 47.730 GC heap before
{Heap before GC invocations=47 (full 0):
 garbage-first heap   total 180224K, used 148580K [0x0000000080000000, 0x0000000100000000)
  region size 1024K, 76 young (77824K), 7 survivors (7168K)
 Metaspace       used 99485K, committed 100096K, reserved 1179648K
  class space    used 12789K, committed 13056K, reserved 1048576K
}
Event: 47.804 GC heap after
{Heap after GC invocations=48 (full 0):
 garbage-first heap   total 180224K, used 82793K [0x0000000080000000, 0x0000000100000000)
  region size 1024K, 8 young (8192K), 8 survivors (8192K)
 Metaspace       used 99485K, committed 100096K, reserved 1179648K
  class space    used 12789K, committed 13056K, reserved 1048576K
}
Event: 50.686 GC heap before
{Heap before GC invocations=48 (full 0):
 garbage-first heap   total 180224K, used 148329K [0x0000000080000000, 0x0000000100000000)
  region size 1024K, 72 young (73728K), 8 survivors (8192K)
 Metaspace       used 102535K, committed 103232K, reserved 1179648K
  class space    used 13133K, committed 13440K, reserved 1048576K
}

Dll operation events (15 events):
Event: 0.027 Loaded shared library C:\Program Files\Eclipse Adoptium\jdk-17.0.16.8-hotspot\bin\java.dll
Event: 0.093 Loaded shared library C:\Program Files\Eclipse Adoptium\jdk-17.0.16.8-hotspot\bin\jsvml.dll
Event: 0.354 Loaded shared library C:\Program Files\Eclipse Adoptium\jdk-17.0.16.8-hotspot\bin\zip.dll
Event: 0.368 Loaded shared library C:\Program Files\Eclipse Adoptium\jdk-17.0.16.8-hotspot\bin\instrument.dll
Event: 0.434 Loaded shared library C:\Program Files\Eclipse Adoptium\jdk-17.0.16.8-hotspot\bin\net.dll
Event: 0.450 Loaded shared library C:\Program Files\Eclipse Adoptium\jdk-17.0.16.8-hotspot\bin\nio.dll
Event: 0.478 Loaded shared library C:\Program Files\Eclipse Adoptium\jdk-17.0.16.8-hotspot\bin\zip.dll
Event: 1.874 Loaded shared library C:\Program Files\Eclipse Adoptium\jdk-17.0.16.8-hotspot\bin\jimage.dll
Event: 3.106 Loaded shared library C:\Program Files\Eclipse Adoptium\jdk-17.0.16.8-hotspot\bin\verify.dll
Event: 3.417 Loaded shared library C:\Users\kevin\.gradle\native\1def1411415f61bf3af743bc5b6707747c0891f09f0c88961ee8f79bc544acac\windows-amd64\native-platform.dll
Event: 3.472 Loaded shared library C:\Users\kevin\.gradle\native\0.2.7\x86_64-windows-gnu\gradle-fileevents.dll
Event: 7.215 Loaded shared library C:\Program Files\Eclipse Adoptium\jdk-17.0.16.8-hotspot\bin\management.dll
Event: 7.223 Loaded shared library C:\Program Files\Eclipse Adoptium\jdk-17.0.16.8-hotspot\bin\management_ext.dll
Event: 7.667 Loaded shared library C:\Program Files\Eclipse Adoptium\jdk-17.0.16.8-hotspot\bin\extnet.dll
Event: 8.564 Loaded shared library C:\Program Files\Eclipse Adoptium\jdk-17.0.16.8-hotspot\bin\sunmscapi.dll

Deoptimization events (20 events):
Event: 49.112 Thread 0x000001e92a84af80 DEOPT PACKING pc=0x000001e91b94ab78 sp=0x0000002b4ccefa90
Event: 49.112 Thread 0x000001e92a84af80 DEOPT UNPACKING pc=0x000001e91b36699d sp=0x0000002b4ccefa10 mode 2
Event: 49.223 Thread 0x000001e92a84af80 Uncommon trap: trap_request=0xffffffc6 fr.pc=0x000001e91bb910e4 relative=0x0000000000000844
Event: 49.223 Thread 0x000001e92a84af80 Uncommon trap: reason=bimorphic_or_optimized_type_check action=maybe_recompile pc=0x000001e91bb910e4 method=org.jetbrains.kotlin.storage.LockBasedStorageManager$LockBasedLazyValue.invoke()Ljava/lang/Object; @ 181 c2
Event: 49.223 Thread 0x000001e92a84af80 DEOPT PACKING pc=0x000001e91bb910e4 sp=0x0000002b4ccf6480
Event: 49.223 Thread 0x000001e92a84af80 DEOPT UNPACKING pc=0x000001e91b36699d sp=0x0000002b4ccf6438 mode 2
Event: 49.223 Thread 0x000001e92a84af80 Uncommon trap: trap_request=0xffffffc6 fr.pc=0x000001e91bb910e4 relative=0x0000000000000844
Event: 49.223 Thread 0x000001e92a84af80 Uncommon trap: reason=bimorphic_or_optimized_type_check action=maybe_recompile pc=0x000001e91bb910e4 method=org.jetbrains.kotlin.storage.LockBasedStorageManager$LockBasedLazyValue.invoke()Ljava/lang/Object; @ 181 c2
Event: 49.223 Thread 0x000001e92a84af80 DEOPT PACKING pc=0x000001e91bb910e4 sp=0x0000002b4ccf60a0
Event: 49.223 Thread 0x000001e92a84af80 DEOPT UNPACKING pc=0x000001e91b36699d sp=0x0000002b4ccf6058 mode 2
Event: 49.283 Thread 0x000001e92a84af80 DEOPT PACKING pc=0x000001e9140d4603 sp=0x0000002b4ccf5c10
Event: 49.283 Thread 0x000001e92a84af80 DEOPT UNPACKING pc=0x000001e91b367124 sp=0x0000002b4ccf5110 mode 0
Event: 49.312 Thread 0x000001e92a84af80 DEOPT PACKING pc=0x000001e9140d4603 sp=0x0000002b4ccf5cf0
Event: 49.312 Thread 0x000001e92a84af80 DEOPT UNPACKING pc=0x000001e91b367124 sp=0x0000002b4ccf51f0 mode 0
Event: 49.725 Thread 0x000001e92a84af80 Uncommon trap: trap_request=0xffffffc6 fr.pc=0x000001e91b9c9a9c relative=0x00000000000007dc
Event: 49.725 Thread 0x000001e92a84af80 Uncommon trap: reason=bimorphic_or_optimized_type_check action=maybe_recompile pc=0x000001e91b9c9a9c method=org.jetbrains.kotlin.protobuf.CodedOutputStream.refreshBuffer()V @ 28 c2
Event: 49.725 Thread 0x000001e92a84af80 DEOPT PACKING pc=0x000001e91b9c9a9c sp=0x0000002b4ccf66a0
Event: 49.725 Thread 0x000001e92a84af80 DEOPT UNPACKING pc=0x000001e91b36699d sp=0x0000002b4ccf6690 mode 2
Event: 49.855 Thread 0x000001e92a84af80 DEOPT PACKING pc=0x000001e914547284 sp=0x0000002b4ccf88e0
Event: 49.855 Thread 0x000001e92a84af80 DEOPT UNPACKING pc=0x000001e91b367124 sp=0x0000002b4ccf7e60 mode 0

Classes loaded (20 events):
Event: 50.274 Loading class javax/net/ssl/HostnameVerifier
Event: 50.275 Loading class javax/net/ssl/HostnameVerifier done
Event: 50.286 Loading class javax/net/ssl/TrustManager
Event: 50.287 Loading class javax/net/ssl/TrustManager done
Event: 50.288 Loading class javax/net/ssl/X509TrustManager
Event: 50.289 Loading class javax/net/ssl/X509TrustManager done
Event: 50.297 Loading class javax/net/ssl/SSLException
Event: 50.298 Loading class javax/net/ssl/SSLException done
Event: 50.298 Loading class javax/net/ssl/SSLPeerUnverifiedException
Event: 50.298 Loading class javax/net/ssl/SSLPeerUnverifiedException done
Event: 50.299 Loading class java/security/cert/CertificateParsingException
Event: 50.299 Loading class java/security/cert/CertificateException
Event: 50.300 Loading class java/security/cert/CertificateException done
Event: 50.300 Loading class java/security/cert/CertificateParsingException done
Event: 50.300 Loading class javax/naming/NamingException
Event: 50.302 Loading class javax/naming/NamingException done
Event: 50.302 Loading class javax/naming/InvalidNameException
Event: 50.302 Loading class javax/naming/InvalidNameException done
Event: 50.551 Loading class java/util/function/IntBinaryOperator
Event: 50.552 Loading class java/util/function/IntBinaryOperator done

Classes unloaded (0 events):
No events

Classes redefined (0 events):
No events

Internal exceptions (20 events):
Event: 45.109 Thread 0x000001e92a84af80 Exception <a 'java/lang/NoSuchMethodError'{0x000000008a51cbb0}: 'java.lang.Object java.lang.invoke.DirectMethodHandle$Holder.invokeSpecial(java.lang.Object, java.lang.Object, java.lang.Object, java.lang.Object, long, java.lang.Object)'> (0x000000008a51cbb0) 
thrown [s\src\hotspot\share\interpreter\linkResolver.cpp, line 759]
Event: 45.110 Thread 0x000001e92a84af80 Exception <a 'java/lang/NoSuchMethodError'{0x000000008a5210f0}: 'java.lang.Object java.lang.invoke.Invokers$Holder.linkToTargetMethod(java.lang.Object, java.lang.Object, long, java.lang.Object, java.lang.Object)'> (0x000000008a5210f0) 
thrown [s\src\hotspot\share\interpreter\linkResolver.cpp, line 759]
Event: 46.007 Thread 0x000001e92a84af80 Exception <a 'java/lang/NoSuchMethodError'{0x0000000089ca22d8}: 'void java.lang.invoke.DirectMethodHandle$Holder.invokeInterface(java.lang.Object, java.lang.Object)'> (0x0000000089ca22d8) 
thrown [s\src\hotspot\share\interpreter\linkResolver.cpp, line 759]
Event: 46.011 Thread 0x000001e92a84af80 Exception <a 'java/lang/IncompatibleClassChangeError'{0x0000000089cad270}: Found class java.lang.Object, but interface was expected> (0x0000000089cad270) 
thrown [s\src\hotspot\share\interpreter\linkResolver.cpp, line 826]
Event: 46.114 Thread 0x000001e92a84af80 Exception <a 'java/lang/NoSuchMethodError'{0x0000000089a99100}: 'java.lang.Object java.lang.invoke.DirectMethodHandle$Holder.newInvokeSpecial(java.lang.Object, int, java.lang.Object)'> (0x0000000089a99100) 
thrown [s\src\hotspot\share\interpreter\linkResolver.cpp, line 759]
Event: 46.357 Thread 0x000001e92a84af80 Exception <a 'java/lang/NoSuchMethodError'{0x0000000089590ee0}: 'java.lang.Object java.lang.invoke.DirectMethodHandle$Holder.invokeSpecial(java.lang.Object, java.lang.Object, long, java.lang.Object, java.lang.Object)'> (0x0000000089590ee0) 
thrown [s\src\hotspot\share\interpreter\linkResolver.cpp, line 759]
Event: 46.414 Thread 0x000001e92a84af80 Exception <a 'java/lang/NoSuchMethodError'{0x0000000089473730}: 'java.lang.Object java.lang.invoke.DirectMethodHandle$Holder.newInvokeSpecial(java.lang.Object, java.lang.Object, int, java.lang.Object)'> (0x0000000089473730) 
thrown [s\src\hotspot\share\interpreter\linkResolver.cpp, line 759]
Event: 46.416 Thread 0x000001e92a84af80 Exception <a 'java/lang/NoSuchMethodError'{0x0000000089478018}: 'java.lang.Object java.lang.invoke.DirectMethodHandle$Holder.invokeSpecial(java.lang.Object, java.lang.Object, java.lang.Object, int, java.lang.Object)'> (0x0000000089478018) 
thrown [s\src\hotspot\share\interpreter\linkResolver.cpp, line 759]
Event: 46.995 Thread 0x000001e92a84af80 Exception <a 'sun/nio/fs/WindowsException'{0x0000000088ee1048}> (0x0000000088ee1048) 
thrown [s\src\hotspot\share\prims\jni.cpp, line 516]
Event: 46.996 Thread 0x000001e92a84af80 Exception <a 'sun/nio/fs/WindowsException'{0x0000000088ee28f0}> (0x0000000088ee28f0) 
thrown [s\src\hotspot\share\prims\jni.cpp, line 516]
Event: 49.023 Thread 0x000001e92a84af80 Exception <a 'java/lang/IncompatibleClassChangeError'{0x0000000088bf1eb0}: Found class java.lang.Object, but interface was expected> (0x0000000088bf1eb0) 
thrown [s\src\hotspot\share\interpreter\linkResolver.cpp, line 826]
Event: 49.763 Thread 0x000001e92a84af80 Exception <a 'sun/nio/fs/WindowsException'{0x0000000087e76368}> (0x0000000087e76368) 
thrown [s\src\hotspot\share\prims\jni.cpp, line 516]
Event: 49.765 Thread 0x000001e92a84af80 Exception <a 'sun/nio/fs/WindowsException'{0x0000000087e77cf8}> (0x0000000087e77cf8) 
thrown [s\src\hotspot\share\prims\jni.cpp, line 516]
Event: 49.779 Thread 0x000001e92a84af80 Exception <a 'sun/nio/fs/WindowsException'{0x0000000087e7f898}> (0x0000000087e7f898) 
thrown [s\src\hotspot\share\prims\jni.cpp, line 516]
Event: 49.786 Thread 0x000001e92a84af80 Exception <a 'sun/nio/fs/WindowsException'{0x0000000087e961d8}> (0x0000000087e961d8) 
thrown [s\src\hotspot\share\prims\jni.cpp, line 516]
Event: 49.793 Thread 0x000001e92a84af80 Exception <a 'sun/nio/fs/WindowsException'{0x0000000087e9e970}> (0x0000000087e9e970) 
thrown [s\src\hotspot\share\prims\jni.cpp, line 516]
Event: 49.800 Thread 0x000001e92a84af80 Exception <a 'sun/nio/fs/WindowsException'{0x0000000087ea7dc8}> (0x0000000087ea7dc8) 
thrown [s\src\hotspot\share\prims\jni.cpp, line 516]
Event: 50.449 Thread 0x000001e92a84af80 Exception <a 'sun/nio/fs/WindowsException'{0x000000008741f948}> (0x000000008741f948) 
thrown [s\src\hotspot\share\prims\jni.cpp, line 516]
Event: 50.449 Thread 0x000001e92a84af80 Exception <a 'sun/nio/fs/WindowsException'{0x0000000087420ff0}> (0x0000000087420ff0) 
thrown [s\src\hotspot\share\prims\jni.cpp, line 516]
Event: 50.535 Thread 0x000001e92a84af80 Exception <a 'sun/nio/fs/WindowsException'{0x000000008720e1e0}> (0x000000008720e1e0) 
thrown [s\src\hotspot\share\prims\jni.cpp, line 516]

VM Operations (20 events):
Event: 46.319 Executing VM operation: HandshakeAllThreads done
Event: 46.497 Executing VM operation: HandshakeAllThreads
Event: 46.498 Executing VM operation: HandshakeAllThreads done
Event: 47.509 Executing VM operation: Cleanup
Event: 47.509 Executing VM operation: Cleanup done
Event: 47.730 Executing VM operation: G1CollectForAllocation
Event: 47.804 Executing VM operation: G1CollectForAllocation done
Event: 48.568 Executing VM operation: HandshakeAllThreads
Event: 48.568 Executing VM operation: HandshakeAllThreads done
Event: 48.696 Executing VM operation: HandshakeAllThreads
Event: 48.696 Executing VM operation: HandshakeAllThreads done
Event: 48.741 Executing VM operation: HandshakeAllThreads
Event: 48.741 Executing VM operation: HandshakeAllThreads done
Event: 48.814 Executing VM operation: ICBufferFull
Event: 48.814 Executing VM operation: ICBufferFull done
Event: 49.416 Executing VM operation: ICBufferFull
Event: 49.417 Executing VM operation: ICBufferFull done
Event: 49.972 Executing VM operation: ICBufferFull
Event: 49.972 Executing VM operation: ICBufferFull done
Event: 50.684 Executing VM operation: G1CollectForAllocation

Memory protections (0 events):
No events

Nmethod flushes (20 events):
Event: 30.203 Thread 0x000001e92a625410 flushing  nmethod 0x000001e9146c9c90
Event: 30.203 Thread 0x000001e92a625410 flushing  nmethod 0x000001e9146caa90
Event: 30.203 Thread 0x000001e92a625410 flushing  nmethod 0x000001e9146cb090
Event: 30.203 Thread 0x000001e92a625410 flushing  nmethod 0x000001e9146cc210
Event: 30.203 Thread 0x000001e92a625410 flushing  nmethod 0x000001e9146d8190
Event: 30.203 Thread 0x000001e92a625410 flushing  nmethod 0x000001e9146e2590
Event: 30.203 Thread 0x000001e92a625410 flushing  nmethod 0x000001e9146e3f10
Event: 30.203 Thread 0x000001e92a625410 flushing  nmethod 0x000001e9146e4290
Event: 30.203 Thread 0x000001e92a625410 flushing  nmethod 0x000001e9146eb410
Event: 30.203 Thread 0x000001e92a625410 flushing  nmethod 0x000001e91470b490
Event: 30.203 Thread 0x000001e92a625410 flushing  nmethod 0x000001e91470b890
Event: 30.203 Thread 0x000001e92a625410 flushing  nmethod 0x000001e91470bc10
Event: 30.203 Thread 0x000001e92a625410 flushing  nmethod 0x000001e91470bf90
Event: 39.909 Thread 0x000001e92a625410 flushing  nmethod 0x000001e91b984710
Event: 39.911 Thread 0x000001e92a625410 flushing  nmethod 0x000001e91ba43590
Event: 39.911 Thread 0x000001e92a625410 flushing  nmethod 0x000001e91ba63610
Event: 39.911 Thread 0x000001e92a625410 flushing  nmethod 0x000001e91ba6ad90
Event: 39.911 Thread 0x000001e92a625410 flushing  nmethod 0x000001e91badac90
Event: 39.911 Thread 0x000001e92a625410 flushing  nmethod 0x000001e91bafbf90
Event: 39.915 Thread 0x000001e92a625410 flushing  nmethod 0x000001e913f3c990

Events (20 events):
Event: 8.029 Thread 0x000001e90aaae8f0 Thread added: 0x000001e92a84a560
Event: 8.412 Thread 0x000001e90aaae8f0 Thread added: 0x000001e92a84c8d0
Event: 8.659 Thread 0x000001e92a84a560 Thread added: 0x000001e92a84aa70
Event: 8.669 Thread 0x000001e92a84aa70 Thread added: 0x000001e92a84d2f0
Event: 8.812 Thread 0x000001e92a84aa70 Thread added: 0x000001e92a84c3c0
Event: 8.833 Thread 0x000001e92a84aa70 Thread added: 0x000001e92a84af80
Event: 8.862 Thread 0x000001e92a84af80 Thread added: 0x000001e92a849b40
Event: 8.872 Thread 0x000001e92a84af80 Thread added: 0x000001e9715fd1a0
Event: 8.879 Thread 0x000001e92a84af80 Thread added: 0x000001e9715fe5e0
Event: 10.077 Thread 0x000001e92a84af80 Thread added: 0x000001e9715f94e0
Event: 10.104 Thread 0x000001e92a84af80 Thread added: 0x000001e9715feaf0
Event: 11.315 Thread 0x000001e92a84af80 Thread added: 0x000001e9715f99f0
Event: 13.962 Thread 0x000001e92a84af80 Thread added: 0x000001e9715fae30
Event: 13.999 Thread 0x000001e92a84af80 Thread added: 0x000001e9715fa410
Event: 14.721 Thread 0x000001e92a84af80 Thread added: 0x000001e9715ff000
Event: 14.740 Thread 0x000001e92a84af80 Thread added: 0x000001e9715ff510
Event: 43.418 Thread 0x000001e92a84af80 Thread added: 0x000001e9715fc270
Event: 43.542 Thread 0x000001e92a84af80 Thread added: 0x000001e9715f85b0
Event: 44.143 Thread 0x000001e92a84af80 Thread added: 0x000001e9715f8ac0
Event: 44.289 Thread 0x000001e92a84af80 Thread added: 0x000001e9727a3500


Dynamic libraries:
0x00007ff7063d0000 - 0x00007ff7063de000 	C:\Program Files\Eclipse Adoptium\jdk-17.0.16.8-hotspot\bin\java.exe
0x00007ffa49370000 - 0x00007ffa49568000 	C:\WINDOWS\SYSTEM32\ntdll.dll
0x00007ffa47c50000 - 0x00007ffa47d12000 	C:\WINDOWS\System32\KERNEL32.DLL
0x00007ffa46fb0000 - 0x00007ffa472a6000 	C:\WINDOWS\System32\KERNELBASE.dll
0x00007ffa46a80000 - 0x00007ffa46b80000 	C:\WINDOWS\System32\ucrtbase.dll
0x00007ffa2c200000 - 0x00007ffa2c217000 	C:\Program Files\Eclipse Adoptium\jdk-17.0.16.8-hotspot\bin\jli.dll
0x00007ffa2c120000 - 0x00007ffa2c13e000 	C:\Program Files\Eclipse Adoptium\jdk-17.0.16.8-hotspot\bin\VCRUNTIME140.dll
0x00007ffa47e40000 - 0x00007ffa47fe1000 	C:\WINDOWS\System32\USER32.dll
0x00007ffa472b0000 - 0x00007ffa472d2000 	C:\WINDOWS\System32\win32u.dll
0x00007ffa34f80000 - 0x00007ffa3521b000 	C:\WINDOWS\WinSxS\amd64_microsoft.windows.common-controls_6595b64144ccf1df_6.0.19041.6456_none_60b8a6cb71f64256\COMCTL32.dll
0x00007ffa480b0000 - 0x00007ffa480db000 	C:\WINDOWS\System32\GDI32.dll
0x00007ffa47b00000 - 0x00007ffa47b9e000 	C:\WINDOWS\System32\msvcrt.dll
0x00007ffa46e90000 - 0x00007ffa46fa9000 	C:\WINDOWS\System32\gdi32full.dll
0x00007ffa46df0000 - 0x00007ffa46e8d000 	C:\WINDOWS\System32\msvcp_win.dll
0x00007ffa48120000 - 0x00007ffa4814f000 	C:\WINDOWS\System32\IMM32.DLL
0x00007ffa411b0000 - 0x00007ffa411bc000 	C:\Program Files\Eclipse Adoptium\jdk-17.0.16.8-hotspot\bin\vcruntime140_1.dll
0x00007ffa0c720000 - 0x00007ffa0c7ad000 	C:\Program Files\Eclipse Adoptium\jdk-17.0.16.8-hotspot\bin\msvcp140.dll
0x00007ff9f0da0000 - 0x00007ff9f1a0b000 	C:\Program Files\Eclipse Adoptium\jdk-17.0.16.8-hotspot\bin\server\jvm.dll
0x00007ffa47ff0000 - 0x00007ffa480a1000 	C:\WINDOWS\System32\ADVAPI32.dll
0x00007ffa47460000 - 0x00007ffa474ff000 	C:\WINDOWS\System32\sechost.dll
0x00007ffa47500000 - 0x00007ffa47620000 	C:\WINDOWS\System32\RPCRT4.dll
0x00007ffa46dc0000 - 0x00007ffa46de7000 	C:\WINDOWS\System32\bcrypt.dll
0x00007ffa491d0000 - 0x00007ffa4923b000 	C:\WINDOWS\System32\WS2_32.dll
0x00007ffa41fe0000 - 0x00007ffa42007000 	C:\WINDOWS\SYSTEM32\WINMM.dll
0x00007ffa3e830000 - 0x00007ffa3e83a000 	C:\WINDOWS\SYSTEM32\VERSION.dll
0x00007ffa45f90000 - 0x00007ffa45fdb000 	C:\WINDOWS\SYSTEM32\POWRPROF.dll
0x00007ffa45e00000 - 0x00007ffa45e12000 	C:\WINDOWS\SYSTEM32\UMPDC.dll
0x00007ffa45240000 - 0x00007ffa45252000 	C:\WINDOWS\SYSTEM32\kernel.appcore.dll
0x00007ffa3fb50000 - 0x00007ffa3fb5a000 	C:\Program Files\Eclipse Adoptium\jdk-17.0.16.8-hotspot\bin\jimage.dll
0x00007ffa44f00000 - 0x00007ffa45101000 	C:\WINDOWS\SYSTEM32\DBGHELP.DLL
0x00007ffa25d80000 - 0x00007ffa25db4000 	C:\WINDOWS\SYSTEM32\dbgcore.DLL
0x00007ffa46b80000 - 0x00007ffa46c02000 	C:\WINDOWS\System32\bcryptPrimitives.dll
0x00007ffa24c60000 - 0x00007ffa24c6e000 	C:\Program Files\Eclipse Adoptium\jdk-17.0.16.8-hotspot\bin\instrument.dll
0x00007ffa2bdc0000 - 0x00007ffa2bde5000 	C:\Program Files\Eclipse Adoptium\jdk-17.0.16.8-hotspot\bin\java.dll
0x00007ffa0c3a0000 - 0x00007ffa0c477000 	C:\Program Files\Eclipse Adoptium\jdk-17.0.16.8-hotspot\bin\jsvml.dll
0x00007ffa48150000 - 0x00007ffa488c0000 	C:\WINDOWS\System32\SHELL32.dll
0x00007ffa44680000 - 0x00007ffa44e25000 	C:\WINDOWS\SYSTEM32\windows.storage.dll
0x00007ffa488c0000 - 0x00007ffa48c14000 	C:\WINDOWS\System32\combase.dll
0x00007ffa46430000 - 0x00007ffa4645b000 	C:\WINDOWS\SYSTEM32\Wldp.dll
0x00007ffa47390000 - 0x00007ffa4745d000 	C:\WINDOWS\System32\OLEAUT32.dll
0x00007ffa47750000 - 0x00007ffa477fd000 	C:\WINDOWS\System32\SHCORE.dll
0x00007ffa47890000 - 0x00007ffa478eb000 	C:\WINDOWS\System32\shlwapi.dll
0x00007ffa46930000 - 0x00007ffa46954000 	C:\WINDOWS\SYSTEM32\profapi.dll
0x00007ffa25c60000 - 0x00007ffa25c78000 	C:\Program Files\Eclipse Adoptium\jdk-17.0.16.8-hotspot\bin\zip.dll
0x00007ffa26600000 - 0x00007ffa26619000 	C:\Program Files\Eclipse Adoptium\jdk-17.0.16.8-hotspot\bin\net.dll
0x00007ffa3de50000 - 0x00007ffa3df5a000 	C:\WINDOWS\SYSTEM32\WINHTTP.dll
0x00007ffa46190000 - 0x00007ffa461fa000 	C:\WINDOWS\system32\mswsock.dll
0x00007ffa25e40000 - 0x00007ffa25e56000 	C:\Program Files\Eclipse Adoptium\jdk-17.0.16.8-hotspot\bin\nio.dll
0x00007ffa33fa0000 - 0x00007ffa33fb0000 	C:\Program Files\Eclipse Adoptium\jdk-17.0.16.8-hotspot\bin\verify.dll
0x00007ffa2c030000 - 0x00007ffa2c057000 	C:\Users\kevin\.gradle\native\1def1411415f61bf3af743bc5b6707747c0891f09f0c88961ee8f79bc544acac\windows-amd64\native-platform.dll
0x00007ffa0a5c0000 - 0x00007ffa0a638000 	C:\Users\kevin\.gradle\native\0.2.7\x86_64-windows-gnu\gradle-fileevents.dll
0x00007ffa2c1f0000 - 0x00007ffa2c1fa000 	C:\Program Files\Eclipse Adoptium\jdk-17.0.16.8-hotspot\bin\management.dll
0x00007ffa2c110000 - 0x00007ffa2c11b000 	C:\Program Files\Eclipse Adoptium\jdk-17.0.16.8-hotspot\bin\management_ext.dll
0x00007ffa49240000 - 0x00007ffa49248000 	C:\WINDOWS\System32\PSAPI.DLL
0x00007ffa45e20000 - 0x00007ffa45e5b000 	C:\WINDOWS\SYSTEM32\IPHLPAPI.DLL
0x00007ffa48110000 - 0x00007ffa48118000 	C:\WINDOWS\System32\NSI.dll
0x00007ffa3e5d0000 - 0x00007ffa3e5e7000 	C:\WINDOWS\SYSTEM32\dhcpcsvc6.DLL
0x00007ffa3ede0000 - 0x00007ffa3edfd000 	C:\WINDOWS\SYSTEM32\dhcpcsvc.DLL
0x00007ffa45e70000 - 0x00007ffa45f3a000 	C:\WINDOWS\SYSTEM32\DNSAPI.dll
0x00007ffa265f0000 - 0x00007ffa265f9000 	C:\Program Files\Eclipse Adoptium\jdk-17.0.16.8-hotspot\bin\extnet.dll
0x00007ffa46390000 - 0x00007ffa463a8000 	C:\WINDOWS\SYSTEM32\CRYPTSP.dll
0x00007ffa45a40000 - 0x00007ffa45a78000 	C:\WINDOWS\system32\rsaenh.dll
0x00007ffa468f0000 - 0x00007ffa4691e000 	C:\WINDOWS\SYSTEM32\USERENV.dll
0x00007ffa46380000 - 0x00007ffa4638c000 	C:\WINDOWS\SYSTEM32\CRYPTBASE.dll
0x00007ffa24c50000 - 0x00007ffa24c5e000 	C:\Program Files\Eclipse Adoptium\jdk-17.0.16.8-hotspot\bin\sunmscapi.dll
0x00007ffa46c10000 - 0x00007ffa46d6d000 	C:\WINDOWS\System32\CRYPT32.dll
0x00007ffa464a0000 - 0x00007ffa464c7000 	C:\WINDOWS\SYSTEM32\ncrypt.dll
0x00007ffa46460000 - 0x00007ffa4649b000 	C:\WINDOWS\SYSTEM32\NTASN1.dll
0x00007ffa2daa0000 - 0x00007ffa2daa7000 	C:\WINDOWS\system32\wshunix.dll

dbghelp: loaded successfully - version: 4.0.5 - missing functions: none
symbol engine: initialized successfully - sym options: 0x614 - pdb path: .;C:\Program Files\Eclipse Adoptium\jdk-17.0.16.8-hotspot\bin;C:\WINDOWS\SYSTEM32;C:\WINDOWS\WinSxS\amd64_microsoft.windows.common-controls_6595b64144ccf1df_6.0.19041.6456_none_60b8a6cb71f64256;C:\Program Files\Eclipse Adoptium\jdk-17.0.16.8-hotspot\bin\server;C:\Users\kevin\.gradle\native\1def1411415f61bf3af743bc5b6707747c0891f09f0c88961ee8f79bc544acac\windows-amd64;C:\Users\kevin\.gradle\native\0.2.7\x86_64-windows-gnu

VM Arguments:
jvm_args: --add-opens=java.base/java.lang=ALL-UNNAMED --add-opens=java.base/java.lang.invoke=ALL-UNNAMED --add-opens=java.base/java.util=ALL-UNNAMED --add-opens=java.prefs/java.util.prefs=ALL-UNNAMED --add-exports=jdk.compiler/com.sun.tools.javac.api=ALL-UNNAMED --add-exports=jdk.compiler/com.sun.tools.javac.util=ALL-UNNAMED --add-opens=java.base/java.util=ALL-UNNAMED --add-opens=java.prefs/java.util.prefs=ALL-UNNAMED --add-opens=java.base/java.nio.charset=ALL-UNNAMED --add-opens=java.base/java.net=ALL-UNNAMED --add-opens=java.base/java.util.concurrent.atomic=ALL-UNNAMED --add-opens=java.xml/javax.xml.namespace=ALL-UNNAMED -Xmx2048m -Dfile.encoding=UTF-8 -Duser.country=CL -Duser.language=es -Duser.variant -javaagent:C:\Users\kevin\.gradle\wrapper\dists\gradle-8.13-bin\5xuhj0ry160q40clulazy9h7d\gradle-8.13\lib\agents\gradle-instrumentation-agent-8.13.jar 
java_command: org.gradle.launcher.daemon.bootstrap.GradleDaemon 8.13
java_class_path (initial): C:\Users\kevin\.gradle\wrapper\dists\gradle-8.13-bin\5xuhj0ry160q40clulazy9h7d\gradle-8.13\lib\gradle-daemon-main-8.13.jar
Launcher Type: SUN_STANDARD

[Global flags]
     intx CICompilerCount                          = 3                                         {product} {ergonomic}
     uint ConcGCThreads                            = 1                                         {product} {ergonomic}
     uint G1ConcRefinementThreads                  = 4                                         {product} {ergonomic}
   size_t G1HeapRegionSize                         = 1048576                                   {product} {ergonomic}
    uintx GCDrainStackTargetSize                   = 64                                        {product} {ergonomic}
   size_t InitialHeapSize                          = 65011712                                  {product} {ergonomic}
   size_t MarkStackSize                            = 4194304                                   {product} {ergonomic}
   size_t MaxHeapSize                              = 2147483648                                {product} {command line}
   size_t MaxNewSize                               = 1287651328                                {product} {ergonomic}
   size_t MinHeapDeltaBytes                        = 1048576                                   {product} {ergonomic}
   size_t MinHeapSize                              = 8388608                                   {product} {ergonomic}
    uintx NonNMethodCodeHeapSize                   = 5832780                                {pd product} {ergonomic}
    uintx NonProfiledCodeHeapSize                  = 122912730                              {pd product} {ergonomic}
    uintx ProfiledCodeHeapSize                     = 122912730                              {pd product} {ergonomic}
    uintx ReservedCodeCacheSize                    = 251658240                              {pd product} {ergonomic}
     bool SegmentedCodeCache                       = true                                      {product} {ergonomic}
   size_t SoftMaxHeapSize                          = 2147483648                             {manageable} {ergonomic}
     bool UseCompressedClassPointers               = true                           {product lp64_product} {ergonomic}
     bool UseCompressedOops                        = true                           {product lp64_product} {ergonomic}
     bool UseG1GC                                  = true                                      {product} {ergonomic}
     bool UseLargePagesIndividualAllocation        = false                                  {pd product} {ergonomic}

Logging:
Log output configuration:
 #0: stdout all=warning uptime,level,tags
 #1: stderr all=off uptime,level,tags

Environment Variables:
CLASSPATH=C:\Users\kevin\OneDrive\Escritorio\NewFirebase\\gradle\wrapper\gradle-wrapper.jar
PATH=C:\Program Files\Eclipse Adoptium\jdk-17.0.16.8-hotspot\bin;C:\Program Files\Common Files\Oracle\Java\javapath;C:\WINDOWS\system32;C:\WINDOWS;C:\WINDOWS\System32\Wbem;C:\WINDOWS\System32\WindowsPowerShell\v1.0\;C:\WINDOWS\System32\OpenSSH\;C:\Program Files\nodejs\;C:\Program Files\Git\cmd;C:\Users\kevin\OneDrive\Escritorio\Portafolio_Kevin;C:\Users\kevin\AppData\Local\Programs\Python\Python311\;C:\Users\kevin\AppData\Local\Programs\Python\Python311\Scripts\;C:\Users\kevin\AppData\Local\Programs\Python\Python313\Scripts\;C:\Users\kevin\AppData\Local\Programs\Python\Python313\;C:\Users\kevin\AppData\Local\Microsoft\WindowsApps;C:\Users\kevin\AppData\Local\Programs\Microsoft VS Code\bin;C:\Users\kevin\AppData\Roaming\npm;C:\Users\kevin\Desktop\platform-tools;
USERNAME=kevin
OS=Windows_NT
PROCESSOR_IDENTIFIER=Intel64 Family 6 Model 92 Stepping 9, GenuineIntel
TMP=C:\Users\kevin\AppData\Local\Temp
TEMP=C:\Users\kevin\AppData\Local\Temp



Periodic native trim disabled


---------------  S Y S T E M  ---------------

OS:
 Windows 10 , 64 bit Build 19041 (10.0.19041.5915)
OS uptime: 2 days 2:14 hours

CPU: total 4 (initial active 4) (4 cores per cpu, 1 threads per core) family 6 model 92 stepping 9 microcode 0x32, cx8, cmov, fxsr, mmx, 3dnowpref, sse, sse2, sse3, ssse3, sse4.1, sse4.2, popcnt, tsc, tscinvbit, aes, erms, clmul, sha, clflush, clflushopt
Processor Information for all 4 processors :
  Max Mhz: 1101, Current Mhz: 1101, Mhz Limit: 1101

Memory: 4k page, system-wide physical 3936M (200M free)
TotalPageFile size 12128M (AvailPageFile size 46M)
current process WorkingSet (physical memory assigned to process): 322M, peak: 322M
current process commit charge ("private bytes"): 462M, peak: 509M

vm_info: OpenJDK 64-Bit Server VM (17.0.16+8) for windows-amd64 JRE (17.0.16+8), built on Jul 16 2025 10:37:56 by "admin" with MS VC++ 17.7 (VS2022)

END.
