#
# There is insufficient memory for the Java Runtime Environment to continue.
# Native memory allocation (malloc) failed to allocate 1866416 bytes. Error detail: Chunk::new
# Possible reasons:
#   The system is out of physical RAM or swap space
#   This process is running with CompressedOops enabled, and the Java Heap may be blocking the growth of the native heap
# Possible solutions:
#   Reduce memory load on the system
#   Increase physical memory or swap space
#   Check if swap backing store is full
#   Decrease Java heap size (-Xmx/-Xms)
#   Decrease number of Java threads
#   Decrease Java thread stack sizes (-Xss)
#   Set larger code cache with -XX:ReservedCodeCacheSize=
#   JVM is running with Unscaled Compressed Oops mode in which the Java heap is
#     placed in the first 4GB address space. The Java Heap base address is the
#     maximum limit for the native heap growth. Please use -XX:HeapBaseMinAddress
#     to set the Java Heap base and to place the Java Heap above 4GB virtual address.
# This output file may be truncated or incomplete.
#
#  Out of Memory Error (arena.cpp:191), pid=7208, tid=10696
#
# JRE version: OpenJDK Runtime Environment Temurin-17.0.16+8 (17.0.16+8) (build 17.0.16+8)
# Java VM: OpenJDK 64-Bit Server VM Temurin-17.0.16+8 (17.0.16+8, mixed mode, sharing, tiered, compressed oops, compressed class ptrs, g1 gc, windows-amd64)
# No core dump will be written. Minidumps are not enabled by default on client versions of Windows
#

---------------  S U M M A R Y ------------

Command Line: --add-opens=java.base/java.lang=ALL-UNNAMED --add-opens=java.base/java.lang.invoke=ALL-UNNAMED --add-opens=java.base/java.util=ALL-UNNAMED --add-opens=java.prefs/java.util.prefs=ALL-UNNAMED --add-exports=jdk.compiler/com.sun.tools.javac.api=ALL-UNNAMED --add-exports=jdk.compiler/com.sun.tools.javac.util=ALL-UNNAMED --add-opens=java.base/java.util=ALL-UNNAMED --add-opens=java.prefs/java.util.prefs=ALL-UNNAMED --add-opens=java.base/java.nio.charset=ALL-UNNAMED --add-opens=java.base/java.net=ALL-UNNAMED --add-opens=java.base/java.util.concurrent.atomic=ALL-UNNAMED --add-opens=java.xml/javax.xml.namespace=ALL-UNNAMED -Xmx2048m -Dfile.encoding=UTF-8 -Duser.country=CL -Duser.language=es -Duser.variant -javaagent:C:\Users\kevin\.gradle\wrapper\dists\gradle-8.13-bin\5xuhj0ry160q40clulazy9h7d\gradle-8.13\lib\agents\gradle-instrumentation-agent-8.13.jar org.gradle.launcher.daemon.bootstrap.GradleDaemon 8.13

Host: Intel(R) Pentium(R) CPU N4200 @ 1.10GHz, 4 cores, 3G,  Windows 10 , 64 bit Build 19041 (10.0.19041.5915)
Time: Sun Nov 23 02:33:27 2025 Hora verano Sudamérica Pacífico elapsed time: 42.140754 seconds (0d 0h 0m 42s)

---------------  T H R E A D  ---------------

Current thread (0x000002a7351bb680):  JavaThread "C2 CompilerThread0" daemon [_thread_in_native, id=10696, stack(0x000000b2cfd00000,0x000000b2cfe00000)]


Current CompileTask:
C2:  42141 7717       4       java.lang.Class::annotationData (44 bytes)

Stack: [0x000000b2cfd00000,0x000000b2cfe00000]
Native frames: (J=compiled Java code, j=interpreted, Vv=VM code, C=native code)
V  [jvm.dll+0x683169]
V  [jvm.dll+0x839ac8]
V  [jvm.dll+0x83b573]
V  [jvm.dll+0x83bbe3]
V  [jvm.dll+0x2473ff]
V  [jvm.dll+0xace94]
V  [jvm.dll+0xad52c]
V  [jvm.dll+0x365dbf]
V  [jvm.dll+0x32fff8]
V  [jvm.dll+0x32f47a]
V  [jvm.dll+0x21831f]
V  [jvm.dll+0x21775f]
V  [jvm.dll+0x1a32a0]
V  [jvm.dll+0x227b3c]
V  [jvm.dll+0x225ccb]
V  [jvm.dll+0x7ef2d8]
V  [jvm.dll+0x7e979c]
V  [jvm.dll+0x682047]
C  [ucrtbase.dll+0x21bb2]
C  [KERNEL32.DLL+0x17374]
C  [ntdll.dll+0x4cc91]


---------------  P R O C E S S  ---------------

Threads class SMR info:
_java_thread_list=0x000002a77c5ee210, length=33, elements={
0x000002a7156326c0, 0x000002a73519d3f0, 0x000002a7351a0190, 0x000002a7351b14b0,
0x000002a7351b29a0, 0x000002a7351b52d0, 0x000002a7351b6200, 0x000002a7351bb680,
0x000002a7351d2c40, 0x000002a7351b5cf0, 0x000002a7351b8060, 0x000002a7351b57e0,
0x000002a7351b6c20, 0x000002a7351b7130, 0x000002a7351b7640, 0x000002a7351b7b50,
0x000002a7351b8570, 0x000002a7351b8a80, 0x000002a7355413a0, 0x000002a7355422d0,
0x000002a735540980, 0x000002a735540e90, 0x000002a7355418b0, 0x000002a735541dc0,
0x000002a73553e100, 0x000002a735543200, 0x000002a735542cf0, 0x000002a73553dbf0,
0x000002a735543710, 0x000002a73553f540, 0x000002a735544130, 0x000002a735545570,
0x000002a73553fa50
}

Java Threads: ( => current thread )
  0x000002a7156326c0 JavaThread "main" [_thread_blocked, id=5484, stack(0x000000b2cf000000,0x000000b2cf100000)]
  0x000002a73519d3f0 JavaThread "Reference Handler" daemon [_thread_blocked, id=8680, stack(0x000000b2cf700000,0x000000b2cf800000)]
  0x000002a7351a0190 JavaThread "Finalizer" daemon [_thread_blocked, id=2352, stack(0x000000b2cf800000,0x000000b2cf900000)]
  0x000002a7351b14b0 JavaThread "Signal Dispatcher" daemon [_thread_blocked, id=4080, stack(0x000000b2cf900000,0x000000b2cfa00000)]
  0x000002a7351b29a0 JavaThread "Attach Listener" daemon [_thread_blocked, id=11344, stack(0x000000b2cfa00000,0x000000b2cfb00000)]
  0x000002a7351b52d0 JavaThread "Service Thread" daemon [_thread_blocked, id=492, stack(0x000000b2cfb00000,0x000000b2cfc00000)]
  0x000002a7351b6200 JavaThread "Monitor Deflation Thread" daemon [_thread_blocked, id=11044, stack(0x000000b2cfc00000,0x000000b2cfd00000)]
=>0x000002a7351bb680 JavaThread "C2 CompilerThread0" daemon [_thread_in_native, id=10696, stack(0x000000b2cfd00000,0x000000b2cfe00000)]
  0x000002a7351d2c40 JavaThread "C1 CompilerThread0" daemon [_thread_blocked, id=13072, stack(0x000000b2cfe00000,0x000000b2cff00000)]
  0x000002a7351b5cf0 JavaThread "Sweeper thread" daemon [_thread_blocked, id=13268, stack(0x000000b2cff00000,0x000000b2d0000000)]
  0x000002a7351b8060 JavaThread "Common-Cleaner" daemon [_thread_blocked, id=11756, stack(0x000000b2d0000000,0x000000b2d0100000)]
  0x000002a7351b57e0 JavaThread "Notification Thread" daemon [_thread_blocked, id=12820, stack(0x000000b2d0100000,0x000000b2d0200000)]
  0x000002a7351b6c20 JavaThread "Daemon health stats" [_thread_blocked, id=3368, stack(0x000000b2d0600000,0x000000b2d0700000)]
  0x000002a7351b7130 JavaThread "Incoming local TCP Connector on port 51180" [_thread_in_native, id=10740, stack(0x000000b2d0700000,0x000000b2d0800000)]
  0x000002a7351b7640 JavaThread "Daemon periodic checks" [_thread_blocked, id=13420, stack(0x000000b2d0800000,0x000000b2d0900000)]
  0x000002a7351b7b50 JavaThread "Daemon" [_thread_blocked, id=8496, stack(0x000000b2d0900000,0x000000b2d0a00000)]
  0x000002a7351b8570 JavaThread "Handler for socket connection from /127.0.0.1:51180 to /127.0.0.1:51181" [_thread_in_native, id=7848, stack(0x000000b2d0a00000,0x000000b2d0b00000)]
  0x000002a7351b8a80 JavaThread "Cancel handler" [_thread_blocked, id=1536, stack(0x000000b2d0b00000,0x000000b2d0c00000)]
  0x000002a7355413a0 JavaThread "Daemon worker" [_thread_in_Java, id=4720, stack(0x000000b2d0c00000,0x000000b2d0d00000)]
  0x000002a7355422d0 JavaThread "Asynchronous log dispatcher for DefaultDaemonConnection: socket connection from /127.0.0.1:51180 to /127.0.0.1:51181" [_thread_blocked, id=15104, stack(0x000000b2d0d00000,0x000000b2d0e00000)]
  0x000002a735540980 JavaThread "Stdin handler" [_thread_blocked, id=13356, stack(0x000000b2d0e00000,0x000000b2d0f00000)]
  0x000002a735540e90 JavaThread "Daemon client event forwarder" [_thread_blocked, id=13552, stack(0x000000b2d0f00000,0x000000b2d1000000)]
  0x000002a7355418b0 JavaThread "Cache worker for journal cache (C:\Users\kevin\.gradle\caches\journal-1)" [_thread_blocked, id=13016, stack(0x000000b2d1000000,0x000000b2d1100000)]
  0x000002a735541dc0 JavaThread "File lock request listener" [_thread_in_native, id=14604, stack(0x000000b2d1100000,0x000000b2d1200000)]
  0x000002a73553e100 JavaThread "Cache worker for file hash cache (C:\Users\kevin\.gradle\caches\8.13\fileHashes)" [_thread_blocked, id=12684, stack(0x000000b2d1200000,0x000000b2d1300000)]
  0x000002a735543200 JavaThread "Cache worker for file hash cache (C:\Users\kevin\OneDrive\Escritorio\NewFirebase\.gradle\8.13\fileHashes)" [_thread_blocked, id=12900, stack(0x000000b2d1300000,0x000000b2d1400000)]
  0x000002a735542cf0 JavaThread "Cache worker for Build Output Cleanup Cache (C:\Users\kevin\OneDrive\Escritorio\NewFirebase\.gradle\buildOutputCleanup)" [_thread_blocked, id=7528, stack(0x000000b2d1400000,0x000000b2d1500000)]
  0x000002a73553dbf0 JavaThread "File watcher server" daemon [_thread_in_native, id=14820, stack(0x000000b2d1500000,0x000000b2d1600000)]
  0x000002a735543710 JavaThread "File watcher consumer" daemon [_thread_blocked, id=12908, stack(0x000000b2d1600000,0x000000b2d1700000)]
  0x000002a73553f540 JavaThread "Cache worker for checksums cache (C:\Users\kevin\OneDrive\Escritorio\NewFirebase\.gradle\8.13\checksums)" [_thread_blocked, id=752, stack(0x000000b2d1700000,0x000000b2d1800000)]
  0x000002a735544130 JavaThread "Cache worker for file content cache (C:\Users\kevin\.gradle\caches\8.13\fileContent)" [_thread_blocked, id=2240, stack(0x000000b2d1800000,0x000000b2d1900000)]
  0x000002a735545570 JavaThread "Cache worker for cache directory md-supplier (C:\Users\kevin\.gradle\caches\8.13\md-supplier)" [_thread_blocked, id=1756, stack(0x000000b2d1900000,0x000000b2d1a00000)]
  0x000002a73553fa50 JavaThread "Cache worker for cache directory md-rule (C:\Users\kevin\.gradle\caches\8.13\md-rule)" [_thread_blocked, id=9968, stack(0x000000b2d1a00000,0x000000b2d1b00000)]

Other Threads:
  0x000002a735197a30 VMThread "VM Thread" [stack: 0x000000b2cf600000,0x000000b2cf700000] [id=12672]
  0x000002a715633590 WatcherThread [stack: 0x000000b2d0200000,0x000000b2d0300000] [id=10768]
  0x000002a71568b3b0 GCTaskThread "GC Thread#0" [stack: 0x000000b2cf100000,0x000000b2cf200000] [id=7124]
  0x000002a735748ca0 GCTaskThread "GC Thread#1" [stack: 0x000000b2d0300000,0x000000b2d0400000] [id=6152]
  0x000002a735572fb0 GCTaskThread "GC Thread#2" [stack: 0x000000b2d0400000,0x000000b2d0500000] [id=14644]
  0x000002a73598dea0 GCTaskThread "GC Thread#3" [stack: 0x000000b2d0500000,0x000000b2d0600000] [id=13044]
  0x000002a71569f230 ConcurrentGCThread "G1 Main Marker" [stack: 0x000000b2cf200000,0x000000b2cf300000] [id=6684]
  0x000002a7156a0300 ConcurrentGCThread "G1 Conc#0" [stack: 0x000000b2cf300000,0x000000b2cf400000] [id=12712]
  0x000002a7156eec40 ConcurrentGCThread "G1 Refine#0" [stack: 0x000000b2cf400000,0x000000b2cf500000] [id=1540]
  0x000002a77d802cd0 ConcurrentGCThread "G1 Refine#1" [stack: 0x000000b2d1b00000,0x000000b2d1c00000] [id=352]
  0x000002a77d802fc0 ConcurrentGCThread "G1 Refine#2" [stack: 0x000000b2d1c00000,0x000000b2d1d00000] [id=12104]
  0x000002a77d6d7f20 ConcurrentGCThread "G1 Refine#3" [stack: 0x000000b2d1d00000,0x000000b2d1e00000] [id=11748]
  0x000002a7350557b0 ConcurrentGCThread "G1 Service" [stack: 0x000000b2cf500000,0x000000b2cf600000] [id=9492]

Threads with active compile tasks:
C2 CompilerThread0    42230 7717       4       java.lang.Class::annotationData (44 bytes)

VM state: not at safepoint (normal execution)

VM Mutex/Monitor currently owned by a thread: None

Heap address: 0x0000000080000000, size: 2048 MB, Compressed Oops mode: 32-bit

CDS archive(s) mapped at: [0x000002a736000000-0x000002a736bb0000-0x000002a736bb0000), size 12255232, SharedBaseAddress: 0x000002a736000000, ArchiveRelocationMode: 1.
Compressed class space mapped at: 0x000002a737000000-0x000002a777000000, reserved size: 1073741824
Narrow klass base: 0x000002a736000000, Narrow klass shift: 0, Narrow klass range: 0x100000000

GC Precious Log:
 CPUs: 4 total, 4 available
 Memory: 3936M
 Large Page Support: Disabled
 NUMA Support: Disabled
 Compressed Oops: Enabled (32-bit)
 Heap Region Size: 1M
 Heap Min Capacity: 8M
 Heap Initial Capacity: 62M
 Heap Max Capacity: 2G
 Pre-touch: Disabled
 Parallel Workers: 4
 Concurrent Workers: 1
 Concurrent Refinement Workers: 4
 Periodic GC: Disabled

Heap:
 garbage-first heap   total 207872K, used 126541K [0x0000000080000000, 0x0000000100000000)
  region size 1024K, 56 young (57344K), 9 survivors (9216K)
 Metaspace       used 96447K, committed 97216K, reserved 1179648K
  class space    used 12942K, committed 13312K, reserved 1048576K

Heap Regions: E=young(eden), S=young(survivor), O=old, HS=humongous(starts), HC=humongous(continues), CS=collection set, F=free, OA=open archive, CA=closed archive, TAMS=top-at-mark-start (previous, next)
|   0|0x0000000080000000, 0x0000000080100000, 0x0000000080100000|100%|HS|  |TAMS 0x0000000080100000, 0x0000000080000000| Complete 
|   1|0x0000000080100000, 0x0000000080200000, 0x0000000080200000|100%|HC|  |TAMS 0x0000000080200000, 0x0000000080100000| Complete 
|   2|0x0000000080200000, 0x0000000080300000, 0x0000000080300000|100%|HC|  |TAMS 0x0000000080300000, 0x0000000080200000| Complete 
|   3|0x0000000080300000, 0x0000000080400000, 0x0000000080400000|100%| O|  |TAMS 0x0000000080400000, 0x0000000080300000| Untracked 
|   4|0x0000000080400000, 0x0000000080500000, 0x0000000080500000|100%| O|  |TAMS 0x0000000080500000, 0x0000000080400000| Untracked 
|   5|0x0000000080500000, 0x0000000080600000, 0x0000000080600000|100%| O|  |TAMS 0x0000000080600000, 0x0000000080500000| Untracked 
|   6|0x0000000080600000, 0x0000000080700000, 0x0000000080700000|100%| O|  |TAMS 0x0000000080700000, 0x0000000080600000| Untracked 
|   7|0x0000000080700000, 0x0000000080800000, 0x0000000080800000|100%|HS|  |TAMS 0x0000000080800000, 0x0000000080700000| Complete 
|   8|0x0000000080800000, 0x0000000080900000, 0x0000000080900000|100%| O|  |TAMS 0x0000000080900000, 0x0000000080800000| Untracked 
|   9|0x0000000080900000, 0x0000000080a00000, 0x0000000080a00000|100%| O|  |TAMS 0x0000000080a00000, 0x0000000080900000| Untracked 
|  10|0x0000000080a00000, 0x0000000080b00000, 0x0000000080b00000|100%| O|  |TAMS 0x0000000080b00000, 0x0000000080a00000| Untracked 
|  11|0x0000000080b00000, 0x0000000080c00000, 0x0000000080c00000|100%| O|  |TAMS 0x0000000080c00000, 0x0000000080b00000| Untracked 
|  12|0x0000000080c00000, 0x0000000080d00000, 0x0000000080d00000|100%| O|  |TAMS 0x0000000080d00000, 0x0000000080c00000| Untracked 
|  13|0x0000000080d00000, 0x0000000080e00000, 0x0000000080e00000|100%| O|  |TAMS 0x0000000080e00000, 0x0000000080d00000| Untracked 
|  14|0x0000000080e00000, 0x0000000080f00000, 0x0000000080f00000|100%| O|  |TAMS 0x0000000080f00000, 0x0000000080e00000| Untracked 
|  15|0x0000000080f00000, 0x0000000081000000, 0x0000000081000000|100%| O|  |TAMS 0x0000000081000000, 0x0000000080f00000| Untracked 
|  16|0x0000000081000000, 0x0000000081100000, 0x0000000081100000|100%| O|  |TAMS 0x0000000081100000, 0x0000000081000000| Untracked 
|  17|0x0000000081100000, 0x0000000081200000, 0x0000000081200000|100%| O|  |TAMS 0x0000000081200000, 0x0000000081100000| Untracked 
|  18|0x0000000081200000, 0x0000000081300000, 0x0000000081300000|100%| O|  |TAMS 0x0000000081300000, 0x0000000081200000| Untracked 
|  19|0x0000000081300000, 0x0000000081400000, 0x0000000081400000|100%| O|  |TAMS 0x0000000081400000, 0x0000000081300000| Untracked 
|  20|0x0000000081400000, 0x0000000081500000, 0x0000000081500000|100%| O|  |TAMS 0x0000000081500000, 0x0000000081400000| Untracked 
|  21|0x0000000081500000, 0x0000000081600000, 0x0000000081600000|100%| O|  |TAMS 0x0000000081600000, 0x0000000081500000| Untracked 
|  22|0x0000000081600000, 0x0000000081700000, 0x0000000081700000|100%| O|  |TAMS 0x0000000081700000, 0x0000000081600000| Untracked 
|  23|0x0000000081700000, 0x0000000081800000, 0x0000000081800000|100%| O|  |TAMS 0x0000000081800000, 0x0000000081700000| Untracked 
|  24|0x0000000081800000, 0x0000000081900000, 0x0000000081900000|100%| O|  |TAMS 0x0000000081900000, 0x0000000081800000| Untracked 
|  25|0x0000000081900000, 0x0000000081a00000, 0x0000000081a00000|100%| O|  |TAMS 0x0000000081a00000, 0x0000000081900000| Untracked 
|  26|0x0000000081a00000, 0x0000000081b00000, 0x0000000081b00000|100%| O|  |TAMS 0x0000000081b00000, 0x0000000081a00000| Untracked 
|  27|0x0000000081b00000, 0x0000000081c00000, 0x0000000081c00000|100%| O|  |TAMS 0x0000000081c00000, 0x0000000081b00000| Untracked 
|  28|0x0000000081c00000, 0x0000000081d00000, 0x0000000081d00000|100%| O|  |TAMS 0x0000000081d00000, 0x0000000081c00000| Untracked 
|  29|0x0000000081d00000, 0x0000000081e00000, 0x0000000081e00000|100%| O|  |TAMS 0x0000000081e00000, 0x0000000081d00000| Untracked 
|  30|0x0000000081e00000, 0x0000000081f00000, 0x0000000081f00000|100%| O|  |TAMS 0x0000000081f00000, 0x0000000081e00000| Untracked 
|  31|0x0000000081f00000, 0x0000000082000000, 0x0000000082000000|100%| O|  |TAMS 0x0000000082000000, 0x0000000081f00000| Untracked 
|  32|0x0000000082000000, 0x0000000082100000, 0x0000000082100000|100%| O|  |TAMS 0x0000000082100000, 0x0000000082000000| Untracked 
|  33|0x0000000082100000, 0x0000000082200000, 0x0000000082200000|100%| O|  |TAMS 0x0000000082200000, 0x0000000082100000| Untracked 
|  34|0x0000000082200000, 0x0000000082300000, 0x0000000082300000|100%| O|  |TAMS 0x0000000082300000, 0x0000000082200000| Untracked 
|  35|0x0000000082300000, 0x0000000082400000, 0x0000000082400000|100%| O|  |TAMS 0x0000000082400000, 0x0000000082300000| Untracked 
|  36|0x0000000082400000, 0x0000000082500000, 0x0000000082500000|100%| O|  |TAMS 0x0000000082500000, 0x0000000082400000| Untracked 
|  37|0x0000000082500000, 0x0000000082600000, 0x0000000082600000|100%| O|  |TAMS 0x0000000082600000, 0x0000000082500000| Untracked 
|  38|0x0000000082600000, 0x0000000082700000, 0x0000000082700000|100%| O|  |TAMS 0x0000000082700000, 0x0000000082600000| Untracked 
|  39|0x0000000082700000, 0x0000000082800000, 0x0000000082800000|100%| O|  |TAMS 0x0000000082800000, 0x0000000082700000| Untracked 
|  40|0x0000000082800000, 0x0000000082900000, 0x0000000082900000|100%|HS|  |TAMS 0x0000000082900000, 0x0000000082800000| Complete 
|  41|0x0000000082900000, 0x0000000082a00000, 0x0000000082a00000|100%| O|  |TAMS 0x0000000082a00000, 0x0000000082900000| Untracked 
|  42|0x0000000082a00000, 0x0000000082b00000, 0x0000000082b00000|100%| O|  |TAMS 0x0000000082b00000, 0x0000000082a00000| Untracked 
|  43|0x0000000082b00000, 0x0000000082c00000, 0x0000000082c00000|100%| O|  |TAMS 0x0000000082c00000, 0x0000000082b00000| Untracked 
|  44|0x0000000082c00000, 0x0000000082d00000, 0x0000000082d00000|100%| O|  |TAMS 0x0000000082c8cc00, 0x0000000082c00000| Untracked 
|  45|0x0000000082d00000, 0x0000000082e00000, 0x0000000082e00000|100%| O|  |TAMS 0x0000000082e00000, 0x0000000082d00000| Untracked 
|  46|0x0000000082e00000, 0x0000000082f00000, 0x0000000082f00000|100%| O|  |TAMS 0x0000000082f00000, 0x0000000082e00000| Untracked 
|  47|0x0000000082f00000, 0x0000000083000000, 0x0000000083000000|100%| O|  |TAMS 0x0000000083000000, 0x0000000082f00000| Untracked 
|  48|0x0000000083000000, 0x0000000083100000, 0x0000000083100000|100%| O|  |TAMS 0x0000000083100000, 0x0000000083000000| Untracked 
|  49|0x0000000083100000, 0x0000000083200000, 0x0000000083200000|100%| O|  |TAMS 0x0000000083200000, 0x0000000083100000| Untracked 
|  50|0x0000000083200000, 0x0000000083300000, 0x0000000083300000|100%| O|  |TAMS 0x0000000083300000, 0x0000000083200000| Untracked 
|  51|0x0000000083300000, 0x0000000083400000, 0x0000000083400000|100%| O|  |TAMS 0x0000000083400000, 0x0000000083300000| Untracked 
|  52|0x0000000083400000, 0x0000000083500000, 0x0000000083500000|100%| O|  |TAMS 0x0000000083400000, 0x0000000083400000| Untracked 
|  53|0x0000000083500000, 0x0000000083500000, 0x0000000083600000|  0%| F|  |TAMS 0x0000000083500000, 0x0000000083500000| Untracked 
|  54|0x0000000083600000, 0x0000000083700000, 0x0000000083700000|100%| O|  |TAMS 0x0000000083700000, 0x0000000083600000| Untracked 
|  55|0x0000000083700000, 0x0000000083800000, 0x0000000083800000|100%| O|  |TAMS 0x0000000083700000, 0x0000000083700000| Untracked 
|  56|0x0000000083800000, 0x0000000083900000, 0x0000000083900000|100%| O|  |TAMS 0x0000000083900000, 0x0000000083800000| Untracked 
|  57|0x0000000083900000, 0x0000000083a00000, 0x0000000083a00000|100%| O|  |TAMS 0x0000000083a00000, 0x0000000083900000| Untracked 
|  58|0x0000000083a00000, 0x0000000083b00000, 0x0000000083b00000|100%| O|  |TAMS 0x0000000083b00000, 0x0000000083a00000| Untracked 
|  59|0x0000000083b00000, 0x0000000083c00000, 0x0000000083c00000|100%|HS|  |TAMS 0x0000000083c00000, 0x0000000083b00000| Complete 
|  60|0x0000000083c00000, 0x0000000083d00000, 0x0000000083d00000|100%|HC|  |TAMS 0x0000000083d00000, 0x0000000083c00000| Complete 
|  61|0x0000000083d00000, 0x0000000083e00000, 0x0000000083e00000|100%|HC|  |TAMS 0x0000000083e00000, 0x0000000083d00000| Complete 
|  62|0x0000000083e00000, 0x0000000083f00000, 0x0000000083f00000|100%|HC|  |TAMS 0x0000000083f00000, 0x0000000083e00000| Complete 
|  63|0x0000000083f00000, 0x0000000084000000, 0x0000000084000000|100%|HC|  |TAMS 0x0000000084000000, 0x0000000083f00000| Complete 
|  64|0x0000000084000000, 0x0000000084100000, 0x0000000084100000|100%|HC|  |TAMS 0x0000000084100000, 0x0000000084000000| Complete 
|  65|0x0000000084100000, 0x0000000084200000, 0x0000000084200000|100%| O|  |TAMS 0x0000000084100000, 0x0000000084100000| Untracked 
|  66|0x0000000084200000, 0x0000000084300000, 0x0000000084300000|100%| O|  |TAMS 0x0000000084200000, 0x0000000084200000| Untracked 
|  67|0x0000000084300000, 0x0000000084400000, 0x0000000084400000|100%| O|  |TAMS 0x0000000084300000, 0x0000000084300000| Untracked 
|  68|0x0000000084400000, 0x0000000084500000, 0x0000000084500000|100%| O|  |TAMS 0x0000000084400000, 0x0000000084400000| Untracked 
|  69|0x0000000084500000, 0x0000000084600000, 0x0000000084600000|100%| O|  |TAMS 0x0000000084500000, 0x0000000084500000| Untracked 
|  70|0x0000000084600000, 0x000000008467ae00, 0x0000000084700000| 47%| O|  |TAMS 0x0000000084600000, 0x0000000084600000| Untracked 
|  71|0x0000000084700000, 0x0000000084700000, 0x0000000084800000|  0%| F|  |TAMS 0x0000000084700000, 0x0000000084700000| Untracked 
|  72|0x0000000084800000, 0x0000000084800000, 0x0000000084900000|  0%| F|  |TAMS 0x0000000084800000, 0x0000000084800000| Untracked 
|  73|0x0000000084900000, 0x0000000084900000, 0x0000000084a00000|  0%| F|  |TAMS 0x0000000084900000, 0x0000000084900000| Untracked 
|  74|0x0000000084a00000, 0x0000000084a00000, 0x0000000084b00000|  0%| F|  |TAMS 0x0000000084a00000, 0x0000000084a00000| Untracked 
|  75|0x0000000084b00000, 0x0000000084b00000, 0x0000000084c00000|  0%| F|  |TAMS 0x0000000084b00000, 0x0000000084b00000| Untracked 
|  76|0x0000000084c00000, 0x0000000084c00000, 0x0000000084d00000|  0%| F|  |TAMS 0x0000000084c00000, 0x0000000084c00000| Untracked 
|  77|0x0000000084d00000, 0x0000000084d00000, 0x0000000084e00000|  0%| F|  |TAMS 0x0000000084d00000, 0x0000000084d00000| Untracked 
|  78|0x0000000084e00000, 0x0000000084e00000, 0x0000000084f00000|  0%| F|  |TAMS 0x0000000084e00000, 0x0000000084e00000| Untracked 
|  79|0x0000000084f00000, 0x0000000084f00000, 0x0000000085000000|  0%| F|  |TAMS 0x0000000084f00000, 0x0000000084f00000| Untracked 
|  80|0x0000000085000000, 0x0000000085000000, 0x0000000085100000|  0%| F|  |TAMS 0x0000000085000000, 0x0000000085000000| Untracked 
|  81|0x0000000085100000, 0x0000000085100000, 0x0000000085200000|  0%| F|  |TAMS 0x0000000085100000, 0x0000000085100000| Untracked 
|  82|0x0000000085200000, 0x0000000085200000, 0x0000000085300000|  0%| F|  |TAMS 0x0000000085200000, 0x0000000085200000| Untracked 
|  83|0x0000000085300000, 0x0000000085300000, 0x0000000085400000|  0%| F|  |TAMS 0x0000000085300000, 0x0000000085300000| Untracked 
|  84|0x0000000085400000, 0x0000000085400000, 0x0000000085500000|  0%| F|  |TAMS 0x0000000085400000, 0x0000000085400000| Untracked 
|  85|0x0000000085500000, 0x0000000085500000, 0x0000000085600000|  0%| F|  |TAMS 0x0000000085500000, 0x0000000085500000| Untracked 
|  86|0x0000000085600000, 0x0000000085600000, 0x0000000085700000|  0%| F|  |TAMS 0x0000000085600000, 0x0000000085600000| Untracked 
|  87|0x0000000085700000, 0x0000000085700000, 0x0000000085800000|  0%| F|  |TAMS 0x0000000085700000, 0x0000000085700000| Untracked 
|  88|0x0000000085800000, 0x0000000085800000, 0x0000000085900000|  0%| F|  |TAMS 0x0000000085800000, 0x0000000085800000| Untracked 
|  89|0x0000000085900000, 0x0000000085900000, 0x0000000085a00000|  0%| F|  |TAMS 0x0000000085900000, 0x0000000085900000| Untracked 
|  90|0x0000000085a00000, 0x0000000085a00000, 0x0000000085b00000|  0%| F|  |TAMS 0x0000000085a00000, 0x0000000085a00000| Untracked 
|  91|0x0000000085b00000, 0x0000000085b00000, 0x0000000085c00000|  0%| F|  |TAMS 0x0000000085b00000, 0x0000000085b00000| Untracked 
|  92|0x0000000085c00000, 0x0000000085c00000, 0x0000000085d00000|  0%| F|  |TAMS 0x0000000085c00000, 0x0000000085c00000| Untracked 
|  93|0x0000000085d00000, 0x0000000085d00000, 0x0000000085e00000|  0%| F|  |TAMS 0x0000000085d00000, 0x0000000085d00000| Untracked 
|  94|0x0000000085e00000, 0x0000000085e00000, 0x0000000085f00000|  0%| F|  |TAMS 0x0000000085e00000, 0x0000000085e00000| Untracked 
|  95|0x0000000085f00000, 0x0000000085f00000, 0x0000000086000000|  0%| F|  |TAMS 0x0000000085f00000, 0x0000000085f00000| Untracked 
|  96|0x0000000086000000, 0x0000000086000000, 0x0000000086100000|  0%| F|  |TAMS 0x0000000086000000, 0x0000000086000000| Untracked 
|  97|0x0000000086100000, 0x0000000086100000, 0x0000000086200000|  0%| F|  |TAMS 0x0000000086100000, 0x0000000086100000| Untracked 
|  98|0x0000000086200000, 0x0000000086200000, 0x0000000086300000|  0%| F|  |TAMS 0x0000000086200000, 0x0000000086200000| Untracked 
|  99|0x0000000086300000, 0x0000000086300000, 0x0000000086400000|  0%| F|  |TAMS 0x0000000086300000, 0x0000000086300000| Untracked 
| 100|0x0000000086400000, 0x0000000086400000, 0x0000000086500000|  0%| F|  |TAMS 0x0000000086400000, 0x0000000086400000| Untracked 
| 101|0x0000000086500000, 0x0000000086500000, 0x0000000086600000|  0%| F|  |TAMS 0x0000000086500000, 0x0000000086500000| Untracked 
| 102|0x0000000086600000, 0x0000000086600000, 0x0000000086700000|  0%| F|  |TAMS 0x0000000086600000, 0x0000000086600000| Untracked 
| 103|0x0000000086700000, 0x0000000086700000, 0x0000000086800000|  0%| F|  |TAMS 0x0000000086700000, 0x0000000086700000| Untracked 
| 104|0x0000000086800000, 0x0000000086818630, 0x0000000086900000|  9%| S|CS|TAMS 0x0000000086800000, 0x0000000086800000| Complete 
| 105|0x0000000086900000, 0x0000000086a00000, 0x0000000086a00000|100%| S|CS|TAMS 0x0000000086900000, 0x0000000086900000| Complete 
| 106|0x0000000086a00000, 0x0000000086b00000, 0x0000000086b00000|100%| S|CS|TAMS 0x0000000086a00000, 0x0000000086a00000| Complete 
| 107|0x0000000086b00000, 0x0000000086c00000, 0x0000000086c00000|100%| S|CS|TAMS 0x0000000086b00000, 0x0000000086b00000| Complete 
| 108|0x0000000086c00000, 0x0000000086d00000, 0x0000000086d00000|100%| S|CS|TAMS 0x0000000086c00000, 0x0000000086c00000| Complete 
| 109|0x0000000086d00000, 0x0000000086e00000, 0x0000000086e00000|100%| S|CS|TAMS 0x0000000086d00000, 0x0000000086d00000| Complete 
| 110|0x0000000086e00000, 0x0000000086f00000, 0x0000000086f00000|100%| S|CS|TAMS 0x0000000086e00000, 0x0000000086e00000| Complete 
| 111|0x0000000086f00000, 0x0000000087000000, 0x0000000087000000|100%| S|CS|TAMS 0x0000000086f00000, 0x0000000086f00000| Complete 
| 112|0x0000000087000000, 0x0000000087100000, 0x0000000087100000|100%| S|CS|TAMS 0x0000000087000000, 0x0000000087000000| Complete 
| 113|0x0000000087100000, 0x0000000087100000, 0x0000000087200000|  0%| F|  |TAMS 0x0000000087100000, 0x0000000087100000| Untracked 
| 114|0x0000000087200000, 0x0000000087200000, 0x0000000087300000|  0%| F|  |TAMS 0x0000000087200000, 0x0000000087200000| Untracked 
| 115|0x0000000087300000, 0x0000000087300000, 0x0000000087400000|  0%| F|  |TAMS 0x0000000087300000, 0x0000000087300000| Untracked 
| 116|0x0000000087400000, 0x0000000087400000, 0x0000000087500000|  0%| F|  |TAMS 0x0000000087400000, 0x0000000087400000| Untracked 
| 117|0x0000000087500000, 0x0000000087500000, 0x0000000087600000|  0%| F|  |TAMS 0x0000000087500000, 0x0000000087500000| Untracked 
| 118|0x0000000087600000, 0x0000000087600000, 0x0000000087700000|  0%| F|  |TAMS 0x0000000087600000, 0x0000000087600000| Untracked 
| 119|0x0000000087700000, 0x0000000087700000, 0x0000000087800000|  0%| F|  |TAMS 0x0000000087700000, 0x0000000087700000| Untracked 
| 120|0x0000000087800000, 0x0000000087800000, 0x0000000087900000|  0%| F|  |TAMS 0x0000000087800000, 0x0000000087800000| Untracked 
| 121|0x0000000087900000, 0x0000000087900000, 0x0000000087a00000|  0%| F|  |TAMS 0x0000000087900000, 0x0000000087900000| Untracked 
| 122|0x0000000087a00000, 0x0000000087a00000, 0x0000000087b00000|  0%| F|  |TAMS 0x0000000087a00000, 0x0000000087a00000| Untracked 
| 123|0x0000000087b00000, 0x0000000087b00000, 0x0000000087c00000|  0%| F|  |TAMS 0x0000000087b00000, 0x0000000087b00000| Untracked 
| 124|0x0000000087c00000, 0x0000000087c00000, 0x0000000087d00000|  0%| F|  |TAMS 0x0000000087c00000, 0x0000000087c00000| Untracked 
| 125|0x0000000087d00000, 0x0000000087d00000, 0x0000000087e00000|  0%| F|  |TAMS 0x0000000087d00000, 0x0000000087d00000| Untracked 
| 126|0x0000000087e00000, 0x0000000087e00000, 0x0000000087f00000|  0%| F|  |TAMS 0x0000000087e00000, 0x0000000087e00000| Untracked 
| 127|0x0000000087f00000, 0x0000000087f00000, 0x0000000088000000|  0%| F|  |TAMS 0x0000000087f00000, 0x0000000087f00000| Untracked 
| 128|0x0000000088000000, 0x0000000088000000, 0x0000000088100000|  0%| F|  |TAMS 0x0000000088000000, 0x0000000088000000| Untracked 
| 129|0x0000000088100000, 0x0000000088100000, 0x0000000088200000|  0%| F|  |TAMS 0x0000000088100000, 0x0000000088100000| Untracked 
| 130|0x0000000088200000, 0x0000000088200000, 0x0000000088300000|  0%| F|  |TAMS 0x0000000088200000, 0x0000000088200000| Untracked 
| 131|0x0000000088300000, 0x0000000088300000, 0x0000000088400000|  0%| F|  |TAMS 0x0000000088300000, 0x0000000088300000| Untracked 
| 132|0x0000000088400000, 0x0000000088400000, 0x0000000088500000|  0%| F|  |TAMS 0x0000000088400000, 0x0000000088400000| Untracked 
| 133|0x0000000088500000, 0x0000000088500000, 0x0000000088600000|  0%| F|  |TAMS 0x0000000088500000, 0x0000000088500000| Untracked 
| 134|0x0000000088600000, 0x0000000088600000, 0x0000000088700000|  0%| F|  |TAMS 0x0000000088600000, 0x0000000088600000| Untracked 
| 135|0x0000000088700000, 0x0000000088700000, 0x0000000088800000|  0%| F|  |TAMS 0x0000000088700000, 0x0000000088700000| Untracked 
| 136|0x0000000088800000, 0x0000000088800000, 0x0000000088900000|  0%| F|  |TAMS 0x0000000088800000, 0x0000000088800000| Untracked 
| 137|0x0000000088900000, 0x0000000088900000, 0x0000000088a00000|  0%| F|  |TAMS 0x0000000088900000, 0x0000000088900000| Untracked 
| 138|0x0000000088a00000, 0x0000000088a00000, 0x0000000088b00000|  0%| F|  |TAMS 0x0000000088a00000, 0x0000000088a00000| Untracked 
| 139|0x0000000088b00000, 0x0000000088b00000, 0x0000000088c00000|  0%| F|  |TAMS 0x0000000088b00000, 0x0000000088b00000| Untracked 
| 140|0x0000000088c00000, 0x0000000088c00000, 0x0000000088d00000|  0%| F|  |TAMS 0x0000000088c00000, 0x0000000088c00000| Untracked 
| 141|0x0000000088d00000, 0x0000000088d00000, 0x0000000088e00000|  0%| F|  |TAMS 0x0000000088d00000, 0x0000000088d00000| Untracked 
| 142|0x0000000088e00000, 0x0000000088e00000, 0x0000000088f00000|  0%| F|  |TAMS 0x0000000088e00000, 0x0000000088e00000| Untracked 
| 143|0x0000000088f00000, 0x0000000088f00000, 0x0000000089000000|  0%| F|  |TAMS 0x0000000088f00000, 0x0000000088f00000| Untracked 
| 144|0x0000000089000000, 0x0000000089000000, 0x0000000089100000|  0%| F|  |TAMS 0x0000000089000000, 0x0000000089000000| Untracked 
| 145|0x0000000089100000, 0x0000000089100000, 0x0000000089200000|  0%| F|  |TAMS 0x0000000089100000, 0x0000000089100000| Untracked 
| 146|0x0000000089200000, 0x0000000089200000, 0x0000000089300000|  0%| F|  |TAMS 0x0000000089200000, 0x0000000089200000| Untracked 
| 147|0x0000000089300000, 0x0000000089300000, 0x0000000089400000|  0%| F|  |TAMS 0x0000000089300000, 0x0000000089300000| Untracked 
| 148|0x0000000089400000, 0x0000000089400000, 0x0000000089500000|  0%| F|  |TAMS 0x0000000089400000, 0x0000000089400000| Untracked 
| 149|0x0000000089500000, 0x0000000089500000, 0x0000000089600000|  0%| F|  |TAMS 0x0000000089500000, 0x0000000089500000| Untracked 
| 150|0x0000000089600000, 0x0000000089600000, 0x0000000089700000|  0%| F|  |TAMS 0x0000000089600000, 0x0000000089600000| Untracked 
| 151|0x0000000089700000, 0x0000000089700000, 0x0000000089800000|  0%| F|  |TAMS 0x0000000089700000, 0x0000000089700000| Untracked 
| 152|0x0000000089800000, 0x0000000089800000, 0x0000000089900000|  0%| F|  |TAMS 0x0000000089800000, 0x0000000089800000| Untracked 
| 153|0x0000000089900000, 0x0000000089900000, 0x0000000089a00000|  0%| F|  |TAMS 0x0000000089900000, 0x0000000089900000| Untracked 
| 154|0x0000000089a00000, 0x0000000089a00000, 0x0000000089b00000|  0%| F|  |TAMS 0x0000000089a00000, 0x0000000089a00000| Untracked 
| 155|0x0000000089b00000, 0x0000000089b00000, 0x0000000089c00000|  0%| F|  |TAMS 0x0000000089b00000, 0x0000000089b00000| Untracked 
| 156|0x0000000089c00000, 0x0000000089d00000, 0x0000000089d00000|100%| E|  |TAMS 0x0000000089c00000, 0x0000000089c00000| Complete 
| 157|0x0000000089d00000, 0x0000000089e00000, 0x0000000089e00000|100%| E|CS|TAMS 0x0000000089d00000, 0x0000000089d00000| Complete 
| 158|0x0000000089e00000, 0x0000000089f00000, 0x0000000089f00000|100%| E|CS|TAMS 0x0000000089e00000, 0x0000000089e00000| Complete 
| 159|0x0000000089f00000, 0x000000008a000000, 0x000000008a000000|100%| E|CS|TAMS 0x0000000089f00000, 0x0000000089f00000| Complete 
| 160|0x000000008a000000, 0x000000008a100000, 0x000000008a100000|100%| E|CS|TAMS 0x000000008a000000, 0x000000008a000000| Complete 
| 161|0x000000008a100000, 0x000000008a200000, 0x000000008a200000|100%| E|CS|TAMS 0x000000008a100000, 0x000000008a100000| Complete 
| 162|0x000000008a200000, 0x000000008a300000, 0x000000008a300000|100%| E|CS|TAMS 0x000000008a200000, 0x000000008a200000| Complete 
| 163|0x000000008a300000, 0x000000008a400000, 0x000000008a400000|100%| E|CS|TAMS 0x000000008a300000, 0x000000008a300000| Complete 
| 164|0x000000008a400000, 0x000000008a500000, 0x000000008a500000|100%| E|CS|TAMS 0x000000008a400000, 0x000000008a400000| Complete 
| 165|0x000000008a500000, 0x000000008a600000, 0x000000008a600000|100%| E|CS|TAMS 0x000000008a500000, 0x000000008a500000| Complete 
| 166|0x000000008a600000, 0x000000008a700000, 0x000000008a700000|100%| E|CS|TAMS 0x000000008a600000, 0x000000008a600000| Complete 
| 167|0x000000008a700000, 0x000000008a800000, 0x000000008a800000|100%| E|CS|TAMS 0x000000008a700000, 0x000000008a700000| Complete 
| 168|0x000000008a800000, 0x000000008a900000, 0x000000008a900000|100%| E|CS|TAMS 0x000000008a800000, 0x000000008a800000| Complete 
| 169|0x000000008a900000, 0x000000008aa00000, 0x000000008aa00000|100%| E|CS|TAMS 0x000000008a900000, 0x000000008a900000| Complete 
| 170|0x000000008aa00000, 0x000000008ab00000, 0x000000008ab00000|100%| E|CS|TAMS 0x000000008aa00000, 0x000000008aa00000| Complete 
| 171|0x000000008ab00000, 0x000000008ac00000, 0x000000008ac00000|100%| E|CS|TAMS 0x000000008ab00000, 0x000000008ab00000| Complete 
| 172|0x000000008ac00000, 0x000000008ad00000, 0x000000008ad00000|100%| E|CS|TAMS 0x000000008ac00000, 0x000000008ac00000| Complete 
| 173|0x000000008ad00000, 0x000000008ae00000, 0x000000008ae00000|100%| E|CS|TAMS 0x000000008ad00000, 0x000000008ad00000| Complete 
| 174|0x000000008ae00000, 0x000000008af00000, 0x000000008af00000|100%| E|CS|TAMS 0x000000008ae00000, 0x000000008ae00000| Complete 
| 175|0x000000008af00000, 0x000000008b000000, 0x000000008b000000|100%| E|CS|TAMS 0x000000008af00000, 0x000000008af00000| Complete 
| 176|0x000000008b000000, 0x000000008b100000, 0x000000008b100000|100%| E|CS|TAMS 0x000000008b000000, 0x000000008b000000| Complete 
| 177|0x000000008b100000, 0x000000008b200000, 0x000000008b200000|100%| E|CS|TAMS 0x000000008b100000, 0x000000008b100000| Complete 
| 178|0x000000008b200000, 0x000000008b300000, 0x000000008b300000|100%| E|CS|TAMS 0x000000008b200000, 0x000000008b200000| Complete 
| 179|0x000000008b300000, 0x000000008b400000, 0x000000008b400000|100%| E|CS|TAMS 0x000000008b300000, 0x000000008b300000| Complete 
| 180|0x000000008b400000, 0x000000008b500000, 0x000000008b500000|100%| E|CS|TAMS 0x000000008b400000, 0x000000008b400000| Complete 
| 181|0x000000008b500000, 0x000000008b600000, 0x000000008b600000|100%| E|CS|TAMS 0x000000008b500000, 0x000000008b500000| Complete 
| 182|0x000000008b600000, 0x000000008b700000, 0x000000008b700000|100%| E|CS|TAMS 0x000000008b600000, 0x000000008b600000| Complete 
| 183|0x000000008b700000, 0x000000008b800000, 0x000000008b800000|100%| E|CS|TAMS 0x000000008b700000, 0x000000008b700000| Complete 
| 184|0x000000008b800000, 0x000000008b900000, 0x000000008b900000|100%| E|CS|TAMS 0x000000008b800000, 0x000000008b800000| Complete 
| 185|0x000000008b900000, 0x000000008ba00000, 0x000000008ba00000|100%| E|CS|TAMS 0x000000008b900000, 0x000000008b900000| Complete 
| 186|0x000000008ba00000, 0x000000008bb00000, 0x000000008bb00000|100%| E|CS|TAMS 0x000000008ba00000, 0x000000008ba00000| Complete 
| 187|0x000000008bb00000, 0x000000008bc00000, 0x000000008bc00000|100%| E|CS|TAMS 0x000000008bb00000, 0x000000008bb00000| Complete 
| 188|0x000000008bc00000, 0x000000008bd00000, 0x000000008bd00000|100%| E|CS|TAMS 0x000000008bc00000, 0x000000008bc00000| Complete 
| 189|0x000000008bd00000, 0x000000008be00000, 0x000000008be00000|100%| E|CS|TAMS 0x000000008bd00000, 0x000000008bd00000| Complete 
| 190|0x000000008be00000, 0x000000008bf00000, 0x000000008bf00000|100%| E|CS|TAMS 0x000000008be00000, 0x000000008be00000| Complete 
| 191|0x000000008bf00000, 0x000000008c000000, 0x000000008c000000|100%| E|CS|TAMS 0x000000008bf00000, 0x000000008bf00000| Complete 
| 192|0x000000008c000000, 0x000000008c100000, 0x000000008c100000|100%| E|CS|TAMS 0x000000008c000000, 0x000000008c000000| Complete 
| 193|0x000000008c100000, 0x000000008c200000, 0x000000008c200000|100%| E|CS|TAMS 0x000000008c100000, 0x000000008c100000| Complete 
| 194|0x000000008c200000, 0x000000008c300000, 0x000000008c300000|100%| E|CS|TAMS 0x000000008c200000, 0x000000008c200000| Complete 
| 195|0x000000008c300000, 0x000000008c400000, 0x000000008c400000|100%| E|CS|TAMS 0x000000008c300000, 0x000000008c300000| Complete 
| 196|0x000000008c400000, 0x000000008c500000, 0x000000008c500000|100%| E|CS|TAMS 0x000000008c400000, 0x000000008c400000| Complete 
| 197|0x000000008c500000, 0x000000008c600000, 0x000000008c600000|100%| E|CS|TAMS 0x000000008c500000, 0x000000008c500000| Complete 
| 198|0x000000008c600000, 0x000000008c700000, 0x000000008c700000|100%| E|CS|TAMS 0x000000008c600000, 0x000000008c600000| Complete 
| 199|0x000000008c700000, 0x000000008c800000, 0x000000008c800000|100%| E|CS|TAMS 0x000000008c700000, 0x000000008c700000| Complete 
| 200|0x000000008c800000, 0x000000008c900000, 0x000000008c900000|100%| E|CS|TAMS 0x000000008c800000, 0x000000008c800000| Complete 
| 201|0x000000008c900000, 0x000000008ca00000, 0x000000008ca00000|100%| E|CS|TAMS 0x000000008c900000, 0x000000008c900000| Complete 
| 202|0x000000008ca00000, 0x000000008cb00000, 0x000000008cb00000|100%| E|CS|TAMS 0x000000008ca00000, 0x000000008ca00000| Complete 

Card table byte_map: [0x000002a72e390000,0x000002a72e790000] _byte_map_base: 0x000002a72df90000

Marking Bits (Prev, Next): (CMBitMap*) 0x000002a71568c930, (CMBitMap*) 0x000002a71568c8f0
 Prev Bits: [0x000002a730b90000, 0x000002a732b90000)
 Next Bits: [0x000002a72eb90000, 0x000002a730b90000)

Polling page: 0x000002a7156f0000

Metaspace:

Usage:
  Non-class:     81.65 MB used.
      Class:     12.65 MB used.
       Both:     94.30 MB used.

Virtual space:
  Non-class space:      128.00 MB reserved,      82.06 MB ( 64%) committed,  2 nodes.
      Class space:        1.00 GB reserved,      13.00 MB (  1%) committed,  1 nodes.
             Both:        1.12 GB reserved,      95.06 MB (  8%) committed. 

Chunk freelists:
   Non-Class:  13.91 MB
       Class:  2.92 MB
        Both:  16.83 MB

MaxMetaspaceSize: unlimited
CompressedClassSpaceSize: 1.00 GB
Initial GC threshold: 21.00 MB
Current GC threshold: 122.94 MB
CDS: on
MetaspaceReclaimPolicy: balanced
 - commit_granule_bytes: 65536.
 - commit_granule_words: 8192.
 - virtual_space_node_default_size: 8388608.
 - enlarge_chunks_in_place: 1.
 - new_chunks_are_fully_committed: 0.
 - uncommit_free_chunks: 1.
 - use_allocation_guard: 0.
 - handle_deallocations: 1.


Internal statistics:

num_allocs_failed_limit: 3.
num_arena_births: 832.
num_arena_deaths: 0.
num_vsnodes_births: 3.
num_vsnodes_deaths: 0.
num_space_committed: 1519.
num_space_uncommitted: 0.
num_chunks_returned_to_freelist: 3.
num_chunks_taken_from_freelist: 4381.
num_chunk_merges: 3.
num_chunk_splits: 3325.
num_chunks_enlarged: 2707.
num_inconsistent_stats: 0.

CodeHeap 'non-profiled nmethods': size=120000Kb used=3730Kb max_used=3730Kb free=116269Kb
 bounds [0x000002a726440000, 0x000002a7267f0000, 0x000002a72d970000]
CodeHeap 'profiled nmethods': size=120000Kb used=13391Kb max_used=13391Kb free=106608Kb
 bounds [0x000002a71e970000, 0x000002a71f690000, 0x000002a725ea0000]
CodeHeap 'non-nmethods': size=5760Kb used=1811Kb max_used=1829Kb free=3948Kb
 bounds [0x000002a725ea0000, 0x000002a726110000, 0x000002a726440000]
 total_blobs=7861 nmethods=6934 adapters=839
 compilation: enabled
              stopped_count=0, restarted_count=0
 full_count=0

Compilation events (20 events):
Event: 42.121 Thread 0x000002a7351d2c40 nmethod 7776 0x000002a7267e0390 code [0x000002a7267e0520, 0x000002a7267e05f8]
Event: 42.121 Thread 0x000002a7351d2c40 7777       1       org.jetbrains.kotlin.ir.builders.declarations.IrValueParameterBuilder::isCrossInline (5 bytes)
Event: 42.121 Thread 0x000002a7351d2c40 nmethod 7777 0x000002a7267e0690 code [0x000002a7267e0820, 0x000002a7267e08f8]
Event: 42.121 Thread 0x000002a7351d2c40 7778       1       org.jetbrains.kotlin.ir.builders.declarations.IrValueParameterBuilder::isNoinline (5 bytes)
Event: 42.121 Thread 0x000002a7351d2c40 nmethod 7778 0x000002a7267e0990 code [0x000002a7267e0b20, 0x000002a7267e0bf8]
Event: 42.121 Thread 0x000002a7351d2c40 7779       1       org.jetbrains.kotlin.ir.builders.declarations.IrValueParameterBuilder::isHidden (5 bytes)
Event: 42.122 Thread 0x000002a7351d2c40 nmethod 7779 0x000002a7267e0c90 code [0x000002a7267e0e20, 0x000002a7267e0ef8]
Event: 42.128 Thread 0x000002a7351d2c40 7780       1       org.jetbrains.kotlin.ir.builders.declarations.IrFunctionBuilder::setReturnType (6 bytes)
Event: 42.128 Thread 0x000002a7351d2c40 nmethod 7780 0x000002a7267e0f90 code [0x000002a7267e1120, 0x000002a7267e1238]
Event: 42.128 Thread 0x000002a7351d2c40 7781       3       kotlin.ranges.RangesKt___RangesKt::coerceAtLeast (11 bytes)
Event: 42.128 Thread 0x000002a7351d2c40 nmethod 7781 0x000002a71f678f10 code [0x000002a71f6790a0, 0x000002a71f6791d8]
Event: 42.129 Thread 0x000002a7351d2c40 7782       1       kotlin.collections.builders.ListBuilder::access$getLength$p (5 bytes)
Event: 42.130 Thread 0x000002a7351d2c40 nmethod 7782 0x000002a7267e1290 code [0x000002a7267e1420, 0x000002a7267e14d8]
Event: 42.130 Thread 0x000002a7351d2c40 7783       3       org.jetbrains.kotlin.descriptors.annotations.Annotations$Companion$EMPTY$1::hasAnnotation (6 bytes)
Event: 42.132 Thread 0x000002a7351d2c40 nmethod 7783 0x000002a71f679290 code [0x000002a71f679520, 0x000002a71f679fd8]
Event: 42.132 Thread 0x000002a7351d2c40 7784       3       org.jetbrains.kotlin.ir.builders.declarations.IrDeclarationBuilder::setOrigin (12 bytes)
Event: 42.133 Thread 0x000002a7351d2c40 nmethod 7784 0x000002a71f67a390 code [0x000002a71f67a5a0, 0x000002a71f67ab98]
Event: 42.133 Thread 0x000002a7351d2c40 7785       3       org.jetbrains.kotlin.ir.declarations.IrFunction::<init> (5 bytes)
Event: 42.133 Thread 0x000002a7351d2c40 nmethod 7785 0x000002a71f67ae10 code [0x000002a71f67afc0, 0x000002a71f67b1f8]
Event: 42.133 Thread 0x000002a7351d2c40 7786       3       org.jetbrains.kotlin.ir.builders.declarations.IrDeclarationBuilder::<init> (31 bytes)

GC Heap History (20 events):
Event: 29.268 GC heap before
{Heap before GC invocations=40 (full 0):
 garbage-first heap   total 86016K, used 61047K [0x0000000080000000, 0x0000000100000000)
  region size 1024K, 12 young (12288K), 3 survivors (3072K)
 Metaspace       used 64132K, committed 64768K, reserved 1114112K
  class space    used 9275K, committed 9536K, reserved 1048576K
}
Event: 29.290 GC heap after
{Heap after GC invocations=41 (full 0):
 garbage-first heap   total 86016K, used 58527K [0x0000000080000000, 0x0000000100000000)
  region size 1024K, 3 young (3072K), 3 survivors (3072K)
 Metaspace       used 64132K, committed 64768K, reserved 1114112K
  class space    used 9275K, committed 9536K, reserved 1048576K
}
Event: 29.512 GC heap before
{Heap before GC invocations=41 (full 0):
 garbage-first heap   total 114688K, used 68767K [0x0000000080000000, 0x0000000100000000)
  region size 1024K, 12 young (12288K), 3 survivors (3072K)
 Metaspace       used 64200K, committed 64832K, reserved 1114112K
  class space    used 9284K, committed 9536K, reserved 1048576K
}
Event: 29.533 GC heap after
{Heap after GC invocations=42 (full 0):
 garbage-first heap   total 114688K, used 54497K [0x0000000080000000, 0x0000000100000000)
  region size 1024K, 2 young (2048K), 2 survivors (2048K)
 Metaspace       used 64200K, committed 64832K, reserved 1114112K
  class space    used 9284K, committed 9536K, reserved 1048576K
}
Event: 30.745 GC heap before
{Heap before GC invocations=43 (full 0):
 garbage-first heap   total 114688K, used 83169K [0x0000000080000000, 0x0000000100000000)
  region size 1024K, 30 young (30720K), 2 survivors (2048K)
 Metaspace       used 67713K, committed 68288K, reserved 1114112K
  class space    used 9699K, committed 9984K, reserved 1048576K
}
Event: 30.753 GC heap after
{Heap after GC invocations=44 (full 0):
 garbage-first heap   total 114688K, used 55920K [0x0000000080000000, 0x0000000100000000)
  region size 1024K, 4 young (4096K), 4 survivors (4096K)
 Metaspace       used 67713K, committed 68288K, reserved 1114112K
  class space    used 9699K, committed 9984K, reserved 1048576K
}
Event: 30.863 GC heap before
{Heap before GC invocations=44 (full 0):
 garbage-first heap   total 114688K, used 56944K [0x0000000080000000, 0x0000000100000000)
  region size 1024K, 6 young (6144K), 4 survivors (4096K)
 Metaspace       used 67950K, committed 68480K, reserved 1114112K
  class space    used 9729K, committed 9984K, reserved 1048576K
}
Event: 30.874 GC heap after
{Heap after GC invocations=45 (full 0):
 garbage-first heap   total 114688K, used 56011K [0x0000000080000000, 0x0000000100000000)
  region size 1024K, 2 young (2048K), 2 survivors (2048K)
 Metaspace       used 67950K, committed 68480K, reserved 1114112K
  class space    used 9729K, committed 9984K, reserved 1048576K
}
Event: 32.126 GC heap before
{Heap before GC invocations=46 (full 0):
 garbage-first heap   total 114688K, used 93899K [0x0000000080000000, 0x0000000100000000)
  region size 1024K, 33 young (33792K), 2 survivors (2048K)
 Metaspace       used 71018K, committed 71616K, reserved 1114112K
  class space    used 10039K, committed 10304K, reserved 1048576K
}
Event: 32.135 GC heap after
{Heap after GC invocations=47 (full 0):
 garbage-first heap   total 114688K, used 64775K [0x0000000080000000, 0x0000000100000000)
  region size 1024K, 4 young (4096K), 4 survivors (4096K)
 Metaspace       used 71018K, committed 71616K, reserved 1114112K
  class space    used 10039K, committed 10304K, reserved 1048576K
}
Event: 32.168 GC heap before
{Heap before GC invocations=47 (full 0):
 garbage-first heap   total 114688K, used 65799K [0x0000000080000000, 0x0000000100000000)
  region size 1024K, 5 young (5120K), 4 survivors (4096K)
 Metaspace       used 71103K, committed 71680K, reserved 1114112K
  class space    used 10048K, committed 10304K, reserved 1048576K
}
Event: 32.176 GC heap after
{Heap after GC invocations=48 (full 0):
 garbage-first heap   total 114688K, used 64819K [0x0000000080000000, 0x0000000100000000)
  region size 1024K, 1 young (1024K), 1 survivors (1024K)
 Metaspace       used 71103K, committed 71680K, reserved 1114112K
  class space    used 10048K, committed 10304K, reserved 1048576K
}
Event: 32.950 GC heap before
{Heap before GC invocations=48 (full 0):
 garbage-first heap   total 114688K, used 91443K [0x0000000080000000, 0x0000000100000000)
  region size 1024K, 27 young (27648K), 1 survivors (1024K)
 Metaspace       used 74299K, committed 74880K, reserved 1114112K
  class space    used 10313K, committed 10560K, reserved 1048576K
}
Event: 32.956 GC heap after
{Heap after GC invocations=49 (full 0):
 garbage-first heap   total 207872K, used 65558K [0x0000000080000000, 0x0000000100000000)
  region size 1024K, 2 young (2048K), 2 survivors (2048K)
 Metaspace       used 74299K, committed 74880K, reserved 1114112K
  class space    used 10313K, committed 10560K, reserved 1048576K
}
Event: 36.825 GC heap before
{Heap before GC invocations=50 (full 0):
 garbage-first heap   total 207872K, used 156694K [0x0000000080000000, 0x0000000100000000)
  region size 1024K, 90 young (92160K), 2 survivors (2048K)
 Metaspace       used 84280K, committed 84992K, reserved 1179648K
  class space    used 11560K, committed 11904K, reserved 1048576K
}
Event: 36.842 GC heap after
{Heap after GC invocations=51 (full 0):
 garbage-first heap   total 207872K, used 71720K [0x0000000080000000, 0x0000000100000000)
  region size 1024K, 8 young (8192K), 8 survivors (8192K)
 Metaspace       used 84280K, committed 84992K, reserved 1179648K
  class space    used 11560K, committed 11904K, reserved 1048576K
}
Event: 36.854 GC heap before
{Heap before GC invocations=51 (full 0):
 garbage-first heap   total 207872K, used 73768K [0x0000000080000000, 0x0000000100000000)
  region size 1024K, 10 young (10240K), 8 survivors (8192K)
 Metaspace       used 84288K, committed 84992K, reserved 1179648K
  class space    used 11560K, committed 11904K, reserved 1048576K
}
Event: 36.867 GC heap after
{Heap after GC invocations=52 (full 0):
 garbage-first heap   total 207872K, used 72447K [0x0000000080000000, 0x0000000100000000)
  region size 1024K, 2 young (2048K), 2 survivors (2048K)
 Metaspace       used 84288K, committed 84992K, reserved 1179648K
  class space    used 11560K, committed 11904K, reserved 1048576K
}
Event: 40.490 GC heap before
{Heap before GC invocations=52 (full 0):
 garbage-first heap   total 207872K, used 162559K [0x0000000080000000, 0x0000000100000000)
  region size 1024K, 90 young (92160K), 2 survivors (2048K)
 Metaspace       used 90314K, committed 90944K, reserved 1179648K
  class space    used 12235K, committed 12544K, reserved 1048576K
}
Event: 40.506 GC heap after
{Heap after GC invocations=53 (full 0):
 garbage-first heap   total 207872K, used 79437K [0x0000000080000000, 0x0000000100000000)
  region size 1024K, 9 young (9216K), 9 survivors (9216K)
 Metaspace       used 90314K, committed 90944K, reserved 1179648K
  class space    used 12235K, committed 12544K, reserved 1048576K
}

Dll operation events (15 events):
Event: 0.025 Loaded shared library C:\Program Files\Eclipse Adoptium\jdk-17.0.16.8-hotspot\bin\java.dll
Event: 0.059 Loaded shared library C:\Program Files\Eclipse Adoptium\jdk-17.0.16.8-hotspot\bin\jsvml.dll
Event: 0.191 Loaded shared library C:\Program Files\Eclipse Adoptium\jdk-17.0.16.8-hotspot\bin\zip.dll
Event: 0.201 Loaded shared library C:\Program Files\Eclipse Adoptium\jdk-17.0.16.8-hotspot\bin\instrument.dll
Event: 0.214 Loaded shared library C:\Program Files\Eclipse Adoptium\jdk-17.0.16.8-hotspot\bin\net.dll
Event: 0.219 Loaded shared library C:\Program Files\Eclipse Adoptium\jdk-17.0.16.8-hotspot\bin\nio.dll
Event: 0.226 Loaded shared library C:\Program Files\Eclipse Adoptium\jdk-17.0.16.8-hotspot\bin\zip.dll
Event: 1.181 Loaded shared library C:\Program Files\Eclipse Adoptium\jdk-17.0.16.8-hotspot\bin\jimage.dll
Event: 1.781 Loaded shared library C:\Program Files\Eclipse Adoptium\jdk-17.0.16.8-hotspot\bin\verify.dll
Event: 2.030 Loaded shared library C:\Users\kevin\.gradle\native\1def1411415f61bf3af743bc5b6707747c0891f09f0c88961ee8f79bc544acac\windows-amd64\native-platform.dll
Event: 2.076 Loaded shared library C:\Users\kevin\.gradle\native\0.2.7\x86_64-windows-gnu\gradle-fileevents.dll
Event: 5.515 Loaded shared library C:\Program Files\Eclipse Adoptium\jdk-17.0.16.8-hotspot\bin\management.dll
Event: 5.524 Loaded shared library C:\Program Files\Eclipse Adoptium\jdk-17.0.16.8-hotspot\bin\management_ext.dll
Event: 6.024 Loaded shared library C:\Program Files\Eclipse Adoptium\jdk-17.0.16.8-hotspot\bin\extnet.dll
Event: 6.661 Loaded shared library C:\Program Files\Eclipse Adoptium\jdk-17.0.16.8-hotspot\bin\sunmscapi.dll

Deoptimization events (20 events):
Event: 39.801 Thread 0x000002a7355413a0 Uncommon trap: trap_request=0xffffffde fr.pc=0x000002a72677dec0 relative=0x0000000000000540
Event: 39.801 Thread 0x000002a7355413a0 Uncommon trap: reason=class_check action=maybe_recompile pc=0x000002a72677dec0 method=org.jetbrains.kotlin.storage.LockBasedStorageManager$LockBasedLazyValue.invoke()Ljava/lang/Object; @ 24 c2
Event: 39.801 Thread 0x000002a7355413a0 DEOPT PACKING pc=0x000002a72677dec0 sp=0x000000b2d0cf3c90
Event: 39.801 Thread 0x000002a7355413a0 DEOPT UNPACKING pc=0x000002a725ef699d sp=0x000000b2d0cf3be0 mode 2
Event: 39.801 Thread 0x000002a7355413a0 Uncommon trap: trap_request=0xffffffde fr.pc=0x000002a72677dec0 relative=0x0000000000000540
Event: 39.801 Thread 0x000002a7355413a0 Uncommon trap: reason=class_check action=maybe_recompile pc=0x000002a72677dec0 method=org.jetbrains.kotlin.storage.LockBasedStorageManager$LockBasedLazyValue.invoke()Ljava/lang/Object; @ 24 c2
Event: 39.801 Thread 0x000002a7355413a0 DEOPT PACKING pc=0x000002a72677dec0 sp=0x000000b2d0cf3cf0
Event: 39.801 Thread 0x000002a7355413a0 DEOPT UNPACKING pc=0x000002a725ef699d sp=0x000000b2d0cf3c40 mode 2
Event: 39.802 Thread 0x000002a7355413a0 Uncommon trap: trap_request=0xffffffde fr.pc=0x000002a72677dec0 relative=0x0000000000000540
Event: 39.802 Thread 0x000002a7355413a0 Uncommon trap: reason=class_check action=maybe_recompile pc=0x000002a72677dec0 method=org.jetbrains.kotlin.storage.LockBasedStorageManager$LockBasedLazyValue.invoke()Ljava/lang/Object; @ 24 c2
Event: 39.802 Thread 0x000002a7355413a0 DEOPT PACKING pc=0x000002a72677dec0 sp=0x000000b2d0cf3cf0
Event: 39.802 Thread 0x000002a7355413a0 DEOPT UNPACKING pc=0x000002a725ef699d sp=0x000000b2d0cf3c40 mode 2
Event: 40.088 Thread 0x000002a7355413a0 DEOPT PACKING pc=0x000002a71f4f3680 sp=0x000000b2d0cf3fb0
Event: 40.088 Thread 0x000002a7355413a0 DEOPT UNPACKING pc=0x000002a725ef7124 sp=0x000000b2d0cf3470 mode 0
Event: 40.289 Thread 0x000002a7355413a0 Uncommon trap: trap_request=0xffffff45 fr.pc=0x000002a72679be9c relative=0x0000000000002b1c
Event: 40.289 Thread 0x000002a7355413a0 Uncommon trap: reason=unstable_if action=reinterpret pc=0x000002a72679be9c method=org.jetbrains.org.objectweb.asm.ClassReader.readElementValue(Lorg/jetbrains/org/objectweb/asm/AnnotationVisitor;ILjava/lang/String;[C)I @ 102 c2
Event: 40.289 Thread 0x000002a7355413a0 DEOPT PACKING pc=0x000002a72679be9c sp=0x000000b2d0cf3d40
Event: 40.289 Thread 0x000002a7355413a0 DEOPT UNPACKING pc=0x000002a725ef699d sp=0x000000b2d0cf3cf0 mode 2
Event: 40.437 Thread 0x000002a7355413a0 DEOPT PACKING pc=0x000002a71f4f6149 sp=0x000000b2d0cf2f80
Event: 40.437 Thread 0x000002a7355413a0 DEOPT UNPACKING pc=0x000002a725ef7124 sp=0x000000b2d0cf2510 mode 0

Classes loaded (20 events):
Event: 34.139 Loading class java/io/NotSerializableException
Event: 34.139 Loading class java/io/NotSerializableException done
Event: 34.426 Loading class java/util/AbstractList$ListItr
Event: 34.427 Loading class java/util/AbstractList$ListItr done
Event: 34.748 Loading class java/util/function/IntUnaryOperator
Event: 34.748 Loading class java/util/function/IntUnaryOperator done
Event: 35.108 Loading class java/util/AbstractList$RandomAccessSubList
Event: 35.109 Loading class java/util/AbstractList$SubList
Event: 35.109 Loading class java/util/AbstractList$SubList done
Event: 35.109 Loading class java/util/AbstractList$RandomAccessSubList done
Event: 36.116 Loading class java/util/AbstractList$SubList$1
Event: 36.116 Loading class java/util/AbstractList$SubList$1 done
Event: 36.464 Loading class java/util/EnumMap$EntrySet
Event: 36.465 Loading class java/util/EnumMap$EntrySet done
Event: 36.465 Loading class java/util/EnumMap$EntryIterator
Event: 36.466 Loading class java/util/EnumMap$EnumMapIterator
Event: 36.466 Loading class java/util/EnumMap$EnumMapIterator done
Event: 36.466 Loading class java/util/EnumMap$EntryIterator done
Event: 36.466 Loading class java/util/EnumMap$EntryIterator$Entry
Event: 36.467 Loading class java/util/EnumMap$EntryIterator$Entry done

Classes unloaded (0 events):
No events

Classes redefined (0 events):
No events

Internal exceptions (20 events):
Event: 38.243 Thread 0x000002a7355413a0 Exception <a 'java/lang/NoSuchMethodError'{0x0000000089891c08}: 'java.lang.Object java.lang.invoke.DirectMethodHandle$Holder.invokeStatic(java.lang.Object, java.lang.Object, java.lang.Object, java.lang.Object, int, java.lang.Object, java.lang.Object)'> (0x0000000089891c08) 
thrown [s\src\hotspot\share\interpreter\linkResolver.cpp, line 759]
Event: 38.245 Thread 0x000002a7355413a0 Exception <a 'java/lang/NoSuchMethodError'{0x000000008989cb18}: 'java.lang.Object java.lang.invoke.DirectMethodHandle$Holder.newInvokeSpecial(java.lang.Object, java.lang.Object, java.lang.Object, java.lang.Object, int, java.lang.Object)'> (0x000000008989cb18) 
thrown [s\src\hotspot\share\interpreter\linkResolver.cpp, line 759]
Event: 38.247 Thread 0x000002a7355413a0 Exception <a 'java/lang/NoSuchMethodError'{0x00000000898a6660}: 'java.lang.Object java.lang.invoke.Invokers$Holder.linkToTargetMethod(java.lang.Object, java.lang.Object, java.lang.Object, int, java.lang.Object, java.lang.Object)'> (0x00000000898a6660) 
thrown [s\src\hotspot\share\interpreter\linkResolver.cpp, line 759]
Event: 38.498 Thread 0x000002a7355413a0 Implicit null exception at 0x000002a72677f93d to 0x000002a726780078
Event: 38.498 Thread 0x000002a7355413a0 Implicit null exception at 0x000002a72677eaaf to 0x000002a72677eae0
Event: 38.543 Thread 0x000002a7355413a0 Implicit null exception at 0x000002a7264a0f11 to 0x000002a7264a1084
Event: 38.859 Thread 0x000002a7355413a0 Exception <a 'java/lang/NoSuchMethodError'{0x0000000088f3bc08}: 'java.lang.Object java.lang.invoke.DirectMethodHandle$Holder.newInvokeSpecial(java.lang.Object, java.lang.Object, java.lang.Object, java.lang.Object, java.lang.Object, java.lang.Object, java.lang.Object, int)'> (0x0000000088f3bc08) 
thrown [s\src\hotspot\share\interpreter\linkResolver.cpp, line 759]
Event: 38.860 Thread 0x000002a7355413a0 Exception <a 'java/lang/NoSuchMethodError'{0x0000000088f426f8}: 'java.lang.Object java.lang.invoke.DirectMethodHandle$Holder.invokeSpecial(java.lang.Object, java.lang.Object, java.lang.Object, java.lang.Object, java.lang.Object, java.lang.Object, java.lang.Object, java.lang.Object, int)'> (0x0000000088f426f8) 
thrown [s\src\hotspot\share\interpreter\linkResolver.cpp, line 759]
Event: 40.157 Thread 0x000002a7355413a0 Exception <a 'java/lang/NoSuchMethodError'{0x00000000877ae7f8}: 'java.lang.Object java.lang.invoke.DirectMethodHandle$Holder.newInvokeSpecial(java.lang.Object, java.lang.Object, java.lang.Object, java.lang.Object, java.lang.Object, int, java.lang.Object)'> (0x00000000877ae7f8) 
thrown [s\src\hotspot\share\interpreter\linkResolver.cpp, line 759]
Event: 40.158 Thread 0x000002a7355413a0 Exception <a 'java/lang/NoSuchMethodError'{0x00000000877b4990}: 'java.lang.Object java.lang.invoke.DirectMethodHandle$Holder.invokeSpecial(java.lang.Object, java.lang.Object, java.lang.Object, java.lang.Object, java.lang.Object, java.lang.Object, int, java.lang.Object)'> (0x00000000877b4990) 
thrown [s\src\hotspot\share\interpreter\linkResolver.cpp, line 759]
Event: 40.159 Thread 0x000002a7355413a0 Exception <a 'java/lang/NoSuchMethodError'{0x00000000877ba4b0}: 'java.lang.Object java.lang.invoke.Invokers$Holder.linkToTargetMethod(java.lang.Object, java.lang.Object, java.lang.Object, java.lang.Object, int, java.lang.Object, java.lang.Object)'> (0x00000000877ba4b0) 
thrown [s\src\hotspot\share\interpreter\linkResolver.cpp, line 759]
Event: 40.789 Thread 0x000002a7355413a0 Exception <a 'java/lang/NoSuchMethodError'{0x000000008c3003c8}: 'java.lang.Object java.lang.invoke.DirectMethodHandle$Holder.invokeStatic(java.lang.Object, java.lang.Object, int, int, java.lang.Object, java.lang.Object)'> (0x000000008c3003c8) 
thrown [s\src\hotspot\share\interpreter\linkResolver.cpp, line 759]
Event: 40.791 Thread 0x000002a7355413a0 Exception <a 'java/lang/NoSuchMethodError'{0x000000008c3108f0}: 'java.lang.Object java.lang.invoke.Invokers$Holder.linkToTargetMethod(java.lang.Object, int, int, java.lang.Object, java.lang.Object)'> (0x000000008c3108f0) 
thrown [s\src\hotspot\share\interpreter\linkResolver.cpp, line 759]
Event: 40.896 Thread 0x000002a7355413a0 Exception <a 'java/lang/NoSuchMethodError'{0x000000008c1b7b38}: 'java.lang.Object java.lang.invoke.DirectMethodHandle$Holder.invokeStatic(java.lang.Object, java.lang.Object, java.lang.Object, int, int, java.lang.Object, java.lang.Object)'> (0x000000008c1b7b38) 
thrown [s\src\hotspot\share\interpreter\linkResolver.cpp, line 759]
Event: 40.898 Thread 0x000002a7355413a0 Exception <a 'java/lang/NoSuchMethodError'{0x000000008c1c2128}: 'java.lang.Object java.lang.invoke.DirectMethodHandle$Holder.newInvokeSpecial(java.lang.Object, java.lang.Object, java.lang.Object, int, int, java.lang.Object)'> (0x000000008c1c2128) 
thrown [s\src\hotspot\share\interpreter\linkResolver.cpp, line 759]
Event: 40.899 Thread 0x000002a7355413a0 Exception <a 'java/lang/NoSuchMethodError'{0x000000008c1cb318}: 'java.lang.Object java.lang.invoke.Invokers$Holder.linkToTargetMethod(java.lang.Object, java.lang.Object, int, int, java.lang.Object, java.lang.Object)'> (0x000000008c1cb318) 
thrown [s\src\hotspot\share\interpreter\linkResolver.cpp, line 759]
Event: 40.903 Thread 0x000002a7355413a0 Exception <a 'java/lang/NoSuchMethodError'{0x000000008c1d8e88}: 'java.lang.Object java.lang.invoke.DirectMethodHandle$Holder.invokeStatic(java.lang.Object, java.lang.Object, int, int, java.lang.Object)'> (0x000000008c1d8e88) 
thrown [s\src\hotspot\share\interpreter\linkResolver.cpp, line 759]
Event: 40.958 Thread 0x000002a7355413a0 Exception <a 'java/lang/NoSuchMethodError'{0x000000008bf4c6f8}: 'java.lang.Object java.lang.invoke.DirectMethodHandle$Holder.newInvokeSpecial(java.lang.Object, java.lang.Object, java.lang.Object, int, int, java.lang.Object, java.lang.Object)'> (0x000000008bf4c6f8) 
thrown [s\src\hotspot\share\interpreter\linkResolver.cpp, line 759]
Event: 40.960 Thread 0x000002a7355413a0 Exception <a 'java/lang/NoSuchMethodError'{0x000000008bf55b30}: 'java.lang.Object java.lang.invoke.Invokers$Holder.linkToTargetMethod(java.lang.Object, java.lang.Object, int, int, java.lang.Object, java.lang.Object, java.lang.Object)'> (0x000000008bf55b30) 
thrown [s\src\hotspot\share\interpreter\linkResolver.cpp, line 759]
Event: 41.342 Thread 0x000002a7355413a0 Exception <a 'java/lang/NoSuchMethodError'{0x000000008b55c470}: 'java.lang.Object java.lang.invoke.DirectMethodHandle$Holder.invokeStaticInit(java.lang.Object, int, java.lang.Object, java.lang.Object, java.lang.Object)'> (0x000000008b55c470) 
thrown [s\src\hotspot\share\interpreter\linkResolver.cpp, line 759]

VM Operations (20 events):
Event: 36.825 Executing VM operation: G1CollectForAllocation
Event: 36.842 Executing VM operation: G1CollectForAllocation done
Event: 36.854 Executing VM operation: G1CollectForAllocation
Event: 36.868 Executing VM operation: G1CollectForAllocation done
Event: 37.904 Executing VM operation: ICBufferFull
Event: 37.904 Executing VM operation: ICBufferFull done
Event: 38.544 Executing VM operation: ICBufferFull
Event: 38.544 Executing VM operation: ICBufferFull done
Event: 39.172 Executing VM operation: HandshakeAllThreads
Event: 39.172 Executing VM operation: HandshakeAllThreads done
Event: 39.408 Executing VM operation: HandshakeAllThreads
Event: 39.408 Executing VM operation: HandshakeAllThreads done
Event: 39.530 Executing VM operation: HandshakeAllThreads
Event: 39.530 Executing VM operation: HandshakeAllThreads done
Event: 40.370 Executing VM operation: ICBufferFull
Event: 40.371 Executing VM operation: ICBufferFull done
Event: 40.490 Executing VM operation: G1CollectForAllocation
Event: 40.506 Executing VM operation: G1CollectForAllocation done
Event: 41.512 Executing VM operation: Cleanup
Event: 41.513 Executing VM operation: Cleanup done

Memory protections (0 events):
No events

Nmethod flushes (20 events):
Event: 30.379 Thread 0x000002a7351b5cf0 flushing  nmethod 0x000002a71f382f90
Event: 30.379 Thread 0x000002a7351b5cf0 flushing  nmethod 0x000002a71f383890
Event: 30.379 Thread 0x000002a7351b5cf0 flushing  nmethod 0x000002a71f383e10
Event: 30.379 Thread 0x000002a7351b5cf0 flushing  nmethod 0x000002a71f384190
Event: 30.379 Thread 0x000002a7351b5cf0 flushing  nmethod 0x000002a71f387010
Event: 30.379 Thread 0x000002a7351b5cf0 flushing  nmethod 0x000002a71f387690
Event: 30.379 Thread 0x000002a7351b5cf0 flushing  nmethod 0x000002a71f388990
Event: 30.379 Thread 0x000002a7351b5cf0 flushing  nmethod 0x000002a71f389690
Event: 30.379 Thread 0x000002a7351b5cf0 flushing  nmethod 0x000002a71f38a010
Event: 30.379 Thread 0x000002a7351b5cf0 flushing  nmethod 0x000002a71f38b290
Event: 30.379 Thread 0x000002a7351b5cf0 flushing  nmethod 0x000002a71f390410
Event: 30.379 Thread 0x000002a7351b5cf0 flushing  nmethod 0x000002a71f390a90
Event: 30.379 Thread 0x000002a7351b5cf0 flushing  nmethod 0x000002a71f391390
Event: 30.379 Thread 0x000002a7351b5cf0 flushing  nmethod 0x000002a71f391f10
Event: 30.379 Thread 0x000002a7351b5cf0 flushing  nmethod 0x000002a71f398590
Event: 39.408 Thread 0x000002a7351b5cf0 flushing  nmethod 0x000002a7264f2890
Event: 39.420 Thread 0x000002a7351b5cf0 flushing  nmethod 0x000002a71f376a90
Event: 39.420 Thread 0x000002a7351b5cf0 flushing  nmethod 0x000002a71f377610
Event: 39.420 Thread 0x000002a7351b5cf0 flushing  nmethod 0x000002a71f384d90
Event: 39.421 Thread 0x000002a7351b5cf0 flushing  nmethod 0x000002a71f38a690

Events (20 events):
Event: 6.374 Thread 0x000002a7156326c0 Thread added: 0x000002a7351b7130
Event: 6.575 Thread 0x000002a7156326c0 Thread added: 0x000002a7351b7640
Event: 6.819 Thread 0x000002a7351b7130 Thread added: 0x000002a7351b7b50
Event: 6.831 Thread 0x000002a7351b7b50 Thread added: 0x000002a7351b8570
Event: 6.983 Thread 0x000002a7351b7b50 Thread added: 0x000002a7351b8a80
Event: 7.008 Thread 0x000002a7351b7b50 Thread added: 0x000002a7355413a0
Event: 7.063 Thread 0x000002a7355413a0 Thread added: 0x000002a7355422d0
Event: 7.078 Thread 0x000002a7355413a0 Thread added: 0x000002a735540980
Event: 7.087 Thread 0x000002a7355413a0 Thread added: 0x000002a735540e90
Event: 8.689 Thread 0x000002a7355413a0 Thread added: 0x000002a7355418b0
Event: 8.718 Thread 0x000002a7355413a0 Thread added: 0x000002a735541dc0
Event: 8.812 Thread 0x000002a7355413a0 Thread added: 0x000002a73553e100
Event: 11.280 Thread 0x000002a7355413a0 Thread added: 0x000002a735543200
Event: 11.321 Thread 0x000002a7355413a0 Thread added: 0x000002a735542cf0
Event: 12.268 Thread 0x000002a7355413a0 Thread added: 0x000002a73553dbf0
Event: 12.287 Thread 0x000002a7355413a0 Thread added: 0x000002a735543710
Event: 16.586 Thread 0x000002a7355413a0 Thread added: 0x000002a73553f540
Event: 16.701 Thread 0x000002a7355413a0 Thread added: 0x000002a735544130
Event: 17.172 Thread 0x000002a7355413a0 Thread added: 0x000002a735545570
Event: 17.281 Thread 0x000002a7355413a0 Thread added: 0x000002a73553fa50


Dynamic libraries:
0x00007ff696910000 - 0x00007ff69691e000 	C:\Program Files\Eclipse Adoptium\jdk-17.0.16.8-hotspot\bin\java.exe
0x00007ffa49370000 - 0x00007ffa49568000 	C:\WINDOWS\SYSTEM32\ntdll.dll
0x00007ffa47c50000 - 0x00007ffa47d12000 	C:\WINDOWS\System32\KERNEL32.DLL
0x00007ffa46fb0000 - 0x00007ffa472a6000 	C:\WINDOWS\System32\KERNELBASE.dll
0x00007ffa46a80000 - 0x00007ffa46b80000 	C:\WINDOWS\System32\ucrtbase.dll
0x00007ffa35830000 - 0x00007ffa35847000 	C:\Program Files\Eclipse Adoptium\jdk-17.0.16.8-hotspot\bin\jli.dll
0x00007ffa32540000 - 0x00007ffa3255e000 	C:\Program Files\Eclipse Adoptium\jdk-17.0.16.8-hotspot\bin\VCRUNTIME140.dll
0x00007ffa47e40000 - 0x00007ffa47fe1000 	C:\WINDOWS\System32\USER32.dll
0x00007ffa472b0000 - 0x00007ffa472d2000 	C:\WINDOWS\System32\win32u.dll
0x00007ffa34f80000 - 0x00007ffa3521b000 	C:\WINDOWS\WinSxS\amd64_microsoft.windows.common-controls_6595b64144ccf1df_6.0.19041.6456_none_60b8a6cb71f64256\COMCTL32.dll
0x00007ffa480b0000 - 0x00007ffa480db000 	C:\WINDOWS\System32\GDI32.dll
0x00007ffa47b00000 - 0x00007ffa47b9e000 	C:\WINDOWS\System32\msvcrt.dll
0x00007ffa46e90000 - 0x00007ffa46fa9000 	C:\WINDOWS\System32\gdi32full.dll
0x00007ffa46df0000 - 0x00007ffa46e8d000 	C:\WINDOWS\System32\msvcp_win.dll
0x00007ffa48120000 - 0x00007ffa4814f000 	C:\WINDOWS\System32\IMM32.DLL
0x00007ffa414f0000 - 0x00007ffa414fc000 	C:\Program Files\Eclipse Adoptium\jdk-17.0.16.8-hotspot\bin\vcruntime140_1.dll
0x00007ffa236e0000 - 0x00007ffa2376d000 	C:\Program Files\Eclipse Adoptium\jdk-17.0.16.8-hotspot\bin\msvcp140.dll
0x00007ff9f0da0000 - 0x00007ff9f1a0b000 	C:\Program Files\Eclipse Adoptium\jdk-17.0.16.8-hotspot\bin\server\jvm.dll
0x00007ffa47ff0000 - 0x00007ffa480a1000 	C:\WINDOWS\System32\ADVAPI32.dll
0x00007ffa47460000 - 0x00007ffa474ff000 	C:\WINDOWS\System32\sechost.dll
0x00007ffa47500000 - 0x00007ffa47620000 	C:\WINDOWS\System32\RPCRT4.dll
0x00007ffa46dc0000 - 0x00007ffa46de7000 	C:\WINDOWS\System32\bcrypt.dll
0x00007ffa491d0000 - 0x00007ffa4923b000 	C:\WINDOWS\System32\WS2_32.dll
0x00007ffa41fe0000 - 0x00007ffa42007000 	C:\WINDOWS\SYSTEM32\WINMM.dll
0x00007ffa45f90000 - 0x00007ffa45fdb000 	C:\WINDOWS\SYSTEM32\POWRPROF.dll
0x00007ffa3e830000 - 0x00007ffa3e83a000 	C:\WINDOWS\SYSTEM32\VERSION.dll
0x00007ffa45e00000 - 0x00007ffa45e12000 	C:\WINDOWS\SYSTEM32\UMPDC.dll
0x00007ffa45240000 - 0x00007ffa45252000 	C:\WINDOWS\SYSTEM32\kernel.appcore.dll
0x00007ffa411b0000 - 0x00007ffa411ba000 	C:\Program Files\Eclipse Adoptium\jdk-17.0.16.8-hotspot\bin\jimage.dll
0x00007ffa44f00000 - 0x00007ffa45101000 	C:\WINDOWS\SYSTEM32\DBGHELP.DLL
0x00007ffa25d80000 - 0x00007ffa25db4000 	C:\WINDOWS\SYSTEM32\dbgcore.DLL
0x00007ffa46b80000 - 0x00007ffa46c02000 	C:\WINDOWS\System32\bcryptPrimitives.dll
0x00007ffa2bdc0000 - 0x00007ffa2bdce000 	C:\Program Files\Eclipse Adoptium\jdk-17.0.16.8-hotspot\bin\instrument.dll
0x00007ffa2c1f0000 - 0x00007ffa2c215000 	C:\Program Files\Eclipse Adoptium\jdk-17.0.16.8-hotspot\bin\java.dll
0x00007ffa0a4e0000 - 0x00007ffa0a5b7000 	C:\Program Files\Eclipse Adoptium\jdk-17.0.16.8-hotspot\bin\jsvml.dll
0x00007ffa48150000 - 0x00007ffa488c0000 	C:\WINDOWS\System32\SHELL32.dll
0x00007ffa44680000 - 0x00007ffa44e25000 	C:\WINDOWS\SYSTEM32\windows.storage.dll
0x00007ffa488c0000 - 0x00007ffa48c14000 	C:\WINDOWS\System32\combase.dll
0x00007ffa46430000 - 0x00007ffa4645b000 	C:\WINDOWS\SYSTEM32\Wldp.dll
0x00007ffa47390000 - 0x00007ffa4745d000 	C:\WINDOWS\System32\OLEAUT32.dll
0x00007ffa47750000 - 0x00007ffa477fd000 	C:\WINDOWS\System32\SHCORE.dll
0x00007ffa47890000 - 0x00007ffa478eb000 	C:\WINDOWS\System32\shlwapi.dll
0x00007ffa46930000 - 0x00007ffa46954000 	C:\WINDOWS\SYSTEM32\profapi.dll
0x00007ffa2bdd0000 - 0x00007ffa2bde8000 	C:\Program Files\Eclipse Adoptium\jdk-17.0.16.8-hotspot\bin\zip.dll
0x00007ffa2c3f0000 - 0x00007ffa2c409000 	C:\Program Files\Eclipse Adoptium\jdk-17.0.16.8-hotspot\bin\net.dll
0x00007ffa3de50000 - 0x00007ffa3df5a000 	C:\WINDOWS\SYSTEM32\WINHTTP.dll
0x00007ffa46190000 - 0x00007ffa461fa000 	C:\WINDOWS\system32\mswsock.dll
0x00007ffa2c120000 - 0x00007ffa2c136000 	C:\Program Files\Eclipse Adoptium\jdk-17.0.16.8-hotspot\bin\nio.dll
0x00007ffa3fb50000 - 0x00007ffa3fb60000 	C:\Program Files\Eclipse Adoptium\jdk-17.0.16.8-hotspot\bin\verify.dll
0x00007ffa2c030000 - 0x00007ffa2c057000 	C:\Users\kevin\.gradle\native\1def1411415f61bf3af743bc5b6707747c0891f09f0c88961ee8f79bc544acac\windows-amd64\native-platform.dll
0x00007ffa0a5c0000 - 0x00007ffa0a638000 	C:\Users\kevin\.gradle\native\0.2.7\x86_64-windows-gnu\gradle-fileevents.dll
0x00007ffa33fa0000 - 0x00007ffa33faa000 	C:\Program Files\Eclipse Adoptium\jdk-17.0.16.8-hotspot\bin\management.dll
0x00007ffa2c170000 - 0x00007ffa2c17b000 	C:\Program Files\Eclipse Adoptium\jdk-17.0.16.8-hotspot\bin\management_ext.dll
0x00007ffa49240000 - 0x00007ffa49248000 	C:\WINDOWS\System32\PSAPI.DLL
0x00007ffa45e20000 - 0x00007ffa45e5b000 	C:\WINDOWS\SYSTEM32\IPHLPAPI.DLL
0x00007ffa48110000 - 0x00007ffa48118000 	C:\WINDOWS\System32\NSI.dll
0x00007ffa3e5d0000 - 0x00007ffa3e5e7000 	C:\WINDOWS\SYSTEM32\dhcpcsvc6.DLL
0x00007ffa3ede0000 - 0x00007ffa3edfd000 	C:\WINDOWS\SYSTEM32\dhcpcsvc.DLL
0x00007ffa45e70000 - 0x00007ffa45f3a000 	C:\WINDOWS\SYSTEM32\DNSAPI.dll
0x00007ffa2bfd0000 - 0x00007ffa2bfd9000 	C:\Program Files\Eclipse Adoptium\jdk-17.0.16.8-hotspot\bin\extnet.dll
0x00007ffa46390000 - 0x00007ffa463a8000 	C:\WINDOWS\SYSTEM32\CRYPTSP.dll
0x00007ffa45a40000 - 0x00007ffa45a78000 	C:\WINDOWS\system32\rsaenh.dll
0x00007ffa468f0000 - 0x00007ffa4691e000 	C:\WINDOWS\SYSTEM32\USERENV.dll
0x00007ffa46380000 - 0x00007ffa4638c000 	C:\WINDOWS\SYSTEM32\CRYPTBASE.dll
0x00007ffa26610000 - 0x00007ffa2661e000 	C:\Program Files\Eclipse Adoptium\jdk-17.0.16.8-hotspot\bin\sunmscapi.dll
0x00007ffa46c10000 - 0x00007ffa46d6d000 	C:\WINDOWS\System32\CRYPT32.dll
0x00007ffa464a0000 - 0x00007ffa464c7000 	C:\WINDOWS\SYSTEM32\ncrypt.dll
0x00007ffa46460000 - 0x00007ffa4649b000 	C:\WINDOWS\SYSTEM32\NTASN1.dll
0x00007ffa2daa0000 - 0x00007ffa2daa7000 	C:\WINDOWS\system32\wshunix.dll

dbghelp: loaded successfully - version: 4.0.5 - missing functions: none
symbol engine: initialized successfully - sym options: 0x614 - pdb path: .;C:\Program Files\Eclipse Adoptium\jdk-17.0.16.8-hotspot\bin;C:\WINDOWS\SYSTEM32;C:\WINDOWS\WinSxS\amd64_microsoft.windows.common-controls_6595b64144ccf1df_6.0.19041.6456_none_60b8a6cb71f64256;C:\Program Files\Eclipse Adoptium\jdk-17.0.16.8-hotspot\bin\server;C:\Users\kevin\.gradle\native\1def1411415f61bf3af743bc5b6707747c0891f09f0c88961ee8f79bc544acac\windows-amd64;C:\Users\kevin\.gradle\native\0.2.7\x86_64-windows-gnu

VM Arguments:
jvm_args: --add-opens=java.base/java.lang=ALL-UNNAMED --add-opens=java.base/java.lang.invoke=ALL-UNNAMED --add-opens=java.base/java.util=ALL-UNNAMED --add-opens=java.prefs/java.util.prefs=ALL-UNNAMED --add-exports=jdk.compiler/com.sun.tools.javac.api=ALL-UNNAMED --add-exports=jdk.compiler/com.sun.tools.javac.util=ALL-UNNAMED --add-opens=java.base/java.util=ALL-UNNAMED --add-opens=java.prefs/java.util.prefs=ALL-UNNAMED --add-opens=java.base/java.nio.charset=ALL-UNNAMED --add-opens=java.base/java.net=ALL-UNNAMED --add-opens=java.base/java.util.concurrent.atomic=ALL-UNNAMED --add-opens=java.xml/javax.xml.namespace=ALL-UNNAMED -Xmx2048m -Dfile.encoding=UTF-8 -Duser.country=CL -Duser.language=es -Duser.variant -javaagent:C:\Users\kevin\.gradle\wrapper\dists\gradle-8.13-bin\5xuhj0ry160q40clulazy9h7d\gradle-8.13\lib\agents\gradle-instrumentation-agent-8.13.jar 
java_command: org.gradle.launcher.daemon.bootstrap.GradleDaemon 8.13
java_class_path (initial): C:\Users\kevin\.gradle\wrapper\dists\gradle-8.13-bin\5xuhj0ry160q40clulazy9h7d\gradle-8.13\lib\gradle-daemon-main-8.13.jar
Launcher Type: SUN_STANDARD

[Global flags]
     intx CICompilerCount                          = 3                                         {product} {ergonomic}
     uint ConcGCThreads                            = 1                                         {product} {ergonomic}
     uint G1ConcRefinementThreads                  = 4                                         {product} {ergonomic}
   size_t G1HeapRegionSize                         = 1048576                                   {product} {ergonomic}
    uintx GCDrainStackTargetSize                   = 64                                        {product} {ergonomic}
   size_t InitialHeapSize                          = 65011712                                  {product} {ergonomic}
   size_t MarkStackSize                            = 4194304                                   {product} {ergonomic}
   size_t MaxHeapSize                              = 2147483648                                {product} {command line}
   size_t MaxNewSize                               = 1287651328                                {product} {ergonomic}
   size_t MinHeapDeltaBytes                        = 1048576                                   {product} {ergonomic}
   size_t MinHeapSize                              = 8388608                                   {product} {ergonomic}
    uintx NonNMethodCodeHeapSize                   = 5832780                                {pd product} {ergonomic}
    uintx NonProfiledCodeHeapSize                  = 122912730                              {pd product} {ergonomic}
    uintx ProfiledCodeHeapSize                     = 122912730                              {pd product} {ergonomic}
    uintx ReservedCodeCacheSize                    = 251658240                              {pd product} {ergonomic}
     bool SegmentedCodeCache                       = true                                      {product} {ergonomic}
   size_t SoftMaxHeapSize                          = 2147483648                             {manageable} {ergonomic}
     bool UseCompressedClassPointers               = true                           {product lp64_product} {ergonomic}
     bool UseCompressedOops                        = true                           {product lp64_product} {ergonomic}
     bool UseG1GC                                  = true                                      {product} {ergonomic}
     bool UseLargePagesIndividualAllocation        = false                                  {pd product} {ergonomic}

Logging:
Log output configuration:
 #0: stdout all=warning uptime,level,tags
 #1: stderr all=off uptime,level,tags

Environment Variables:
CLASSPATH=C:\Users\kevin\OneDrive\Escritorio\NewFirebase\\gradle\wrapper\gradle-wrapper.jar
PATH=C:\Program Files\Eclipse Adoptium\jdk-17.0.16.8-hotspot\bin;C:\Program Files\Common Files\Oracle\Java\javapath;C:\WINDOWS\system32;C:\WINDOWS;C:\WINDOWS\System32\Wbem;C:\WINDOWS\System32\WindowsPowerShell\v1.0\;C:\WINDOWS\System32\OpenSSH\;C:\Program Files\nodejs\;C:\Program Files\Git\cmd;C:\Users\kevin\OneDrive\Escritorio\Portafolio_Kevin;C:\Users\kevin\AppData\Local\Programs\Python\Python311\;C:\Users\kevin\AppData\Local\Programs\Python\Python311\Scripts\;C:\Users\kevin\AppData\Local\Programs\Python\Python313\Scripts\;C:\Users\kevin\AppData\Local\Programs\Python\Python313\;C:\Users\kevin\AppData\Local\Microsoft\WindowsApps;C:\Users\kevin\AppData\Local\Programs\Microsoft VS Code\bin;C:\Users\kevin\AppData\Roaming\npm;C:\Users\kevin\Desktop\platform-tools;
USERNAME=kevin
OS=Windows_NT
PROCESSOR_IDENTIFIER=Intel64 Family 6 Model 92 Stepping 9, GenuineIntel
TMP=C:\Users\kevin\AppData\Local\Temp
TEMP=C:\Users\kevin\AppData\Local\Temp



Periodic native trim disabled


---------------  S Y S T E M  ---------------

OS:
 Windows 10 , 64 bit Build 19041 (10.0.19041.5915)
OS uptime: 2 days 2:18 hours

CPU: total 4 (initial active 4) (4 cores per cpu, 1 threads per core) family 6 model 92 stepping 9 microcode 0x32, cx8, cmov, fxsr, mmx, 3dnowpref, sse, sse2, sse3, ssse3, sse4.1, sse4.2, popcnt, tsc, tscinvbit, aes, erms, clmul, sha, clflush, clflushopt
Processor Information for all 4 processors :
  Max Mhz: 1101, Current Mhz: 1101, Mhz Limit: 1101

Memory: 4k page, system-wide physical 3936M (276M free)
TotalPageFile size 12128M (AvailPageFile size 3M)
current process WorkingSet (physical memory assigned to process): 434M, peak: 436M
current process commit charge ("private bytes"): 472M, peak: 473M

vm_info: OpenJDK 64-Bit Server VM (17.0.16+8) for windows-amd64 JRE (17.0.16+8), built on Jul 16 2025 10:37:56 by "admin" with MS VC++ 17.7 (VS2022)

END.
